This file contains any messages produced by compilers while
running configure, to aid debugging if configure makes a mistake.

It was created by wolfssl configure 3.11.1, which was
generated by GNU Autoconf 2.69.  Invocation command line was

  $ ./../../wolfssl/configure --enable-writedup

## --------- ##
## Platform. ##
## --------- ##

hostname = ubuntu
uname -m = x86_64
uname -r = 4.8.0-52-generic
uname -s = Linux
uname -v = #55~16.04.1-Ubuntu SMP Fri Apr 28 14:36:29 UTC 2017

/usr/bin/uname -p = unknown
/bin/uname -X     = unknown

/bin/arch              = unknown
/usr/bin/arch -k       = unknown
/usr/convex/getsysinfo = unknown
/usr/bin/hostinfo      = unknown
/bin/machine           = unknown
/usr/bin/oslevel       = unknown
/bin/universe          = unknown

PATH: /home/alexabrahamson/bin
PATH: /home/alexabrahamson/.local/bin
PATH: /usr/local/sbin
PATH: /usr/local/bin
PATH: /usr/sbin
PATH: /usr/bin
PATH: /sbin
PATH: /bin
PATH: /usr/games
PATH: /usr/local/games
PATH: /snap/bin


## ----------- ##
## Core tests. ##
## ----------- ##

configure:3169: checking build system type
configure:3183: result: x86_64-pc-linux-gnu
configure:3203: checking host system type
configure:3216: result: x86_64-pc-linux-gnu
configure:3254: checking for a BSD-compatible install
configure:3322: result: /usr/bin/install -c
configure:3333: checking whether build environment is sane
configure:3388: result: yes
configure:3539: checking for a thread-safe mkdir -p
configure:3578: result: /bin/mkdir -p
configure:3585: checking for gawk
configure:3615: result: no
configure:3585: checking for mawk
configure:3601: found /usr/bin/mawk
configure:3612: result: mawk
configure:3623: checking whether make sets $(MAKE)
configure:3645: result: yes
configure:3674: checking whether make supports nested variables
configure:3691: result: yes
configure:3708: error: source directory already configured; run "make distclean" there first

## ---------------- ##
## Cache variables. ##
## ---------------- ##

ac_cv_build=x86_64-pc-linux-gnu
ac_cv_env_CCASFLAGS_set=
ac_cv_env_CCASFLAGS_value=
ac_cv_env_CCAS_set=
ac_cv_env_CCAS_value=
ac_cv_env_CCC_set=
ac_cv_env_CCC_value=
ac_cv_env_CC_set=set
ac_cv_env_CC_value='gcc -fsanitize=address'
ac_cv_env_CFLAGS_set=
ac_cv_env_CFLAGS_value=
ac_cv_env_CPPFLAGS_set=
ac_cv_env_CPPFLAGS_value=
ac_cv_env_CPP_set=
ac_cv_env_CPP_value=
ac_cv_env_CXXCPP_set=
ac_cv_env_CXXCPP_value=
ac_cv_env_CXXFLAGS_set=
ac_cv_env_CXXFLAGS_value=
ac_cv_env_CXX_set=
ac_cv_env_CXX_value=
ac_cv_env_LDFLAGS_set=
ac_cv_env_LDFLAGS_value=
ac_cv_env_LIBS_set=
ac_cv_env_LIBS_value=
ac_cv_env_LT_SYS_LIBRARY_PATH_set=
ac_cv_env_LT_SYS_LIBRARY_PATH_value=
ac_cv_env_build_alias_set=
ac_cv_env_build_alias_value=
ac_cv_env_host_alias_set=
ac_cv_env_host_alias_value=
ac_cv_env_target_alias_set=
ac_cv_env_target_alias_value=
ac_cv_host=x86_64-pc-linux-gnu
ac_cv_path_install='/usr/bin/install -c'
ac_cv_path_mkdir=/bin/mkdir
ac_cv_prog_AWK=mawk
ac_cv_prog_make_make_set=yes
am_cv_make_support_nested_variables=yes

## ----------------- ##
## Output variables. ##
## ----------------- ##

ACLOCAL=''
AMDEPBACKSLASH=''
AMDEP_FALSE=''
AMDEP_TRUE=''
AMINCLUDE=''
AMTAR=''
AM_BACKSLASH='\'
AM_CCASFLAGS=''
AM_CFLAGS=''
AM_CPPFLAGS=''
AM_DEFAULT_V='$(AM_DEFAULT_VERBOSITY)'
AM_DEFAULT_VERBOSITY='1'
AM_LDFLAGS=''
AM_V='$(V)'
AR=''
AUTOCONF=''
AUTOHEADER=''
AUTOMAKE=''
AWK='mawk'
BUILD_AESCCM_FALSE=''
BUILD_AESCCM_TRUE=''
BUILD_AESGCM_FALSE=''
BUILD_AESGCM_TRUE=''
BUILD_AESNI_FALSE=''
BUILD_AESNI_TRUE=''
BUILD_AES_FALSE=''
BUILD_AES_TRUE=''
BUILD_ARMASM_FALSE=''
BUILD_ARMASM_TRUE=''
BUILD_ASN_FALSE=''
BUILD_ASN_TRUE=''
BUILD_ASYNCCRYPT_FALSE=''
BUILD_ASYNCCRYPT_TRUE=''
BUILD_BLAKE2_FALSE=''
BUILD_BLAKE2_TRUE=''
BUILD_CAMELLIA_FALSE=''
BUILD_CAMELLIA_TRUE=''
BUILD_CAVIUM_FALSE=''
BUILD_CAVIUM_TRUE=''
BUILD_CHACHA_FALSE=''
BUILD_CHACHA_TRUE=''
BUILD_CMAC_FALSE=''
BUILD_CMAC_TRUE=''
BUILD_CODING_FALSE=''
BUILD_CODING_TRUE=''
BUILD_CRL_FALSE=''
BUILD_CRL_MONITOR_FALSE=''
BUILD_CRL_MONITOR_TRUE=''
BUILD_CRL_TRUE=''
BUILD_CRYPTONLY_FALSE=''
BUILD_CRYPTONLY_TRUE=''
BUILD_CURVE25519_FALSE=''
BUILD_CURVE25519_TRUE=''
BUILD_CURVED25519_SMALL_FALSE=''
BUILD_CURVED25519_SMALL_TRUE=''
BUILD_DES3_FALSE=''
BUILD_DES3_TRUE=''
BUILD_DH_FALSE=''
BUILD_DH_TRUE=''
BUILD_DISTRO_FALSE=''
BUILD_DISTRO_TRUE=''
BUILD_DSA_FALSE=''
BUILD_DSA_TRUE=''
BUILD_ECC_FALSE=''
BUILD_ECC_TRUE=''
BUILD_ED25519_FALSE=''
BUILD_ED25519_TRUE=''
BUILD_EXAMPLE_CLIENTS_FALSE=''
BUILD_EXAMPLE_CLIENTS_TRUE=''
BUILD_EXAMPLE_SERVERS_FALSE=''
BUILD_EXAMPLE_SERVERS_TRUE=''
BUILD_FASTMATH_FALSE=''
BUILD_FASTMATH_TRUE=''
BUILD_FAST_RSA_FALSE=''
BUILD_FAST_RSA_TRUE=''
BUILD_FEMATH_FALSE=''
BUILD_FEMATH_TRUE=''
BUILD_FIPS_FALSE=''
BUILD_FIPS_TRUE=''
BUILD_GEMATH_FALSE=''
BUILD_GEMATH_TRUE=''
BUILD_HC128_FALSE=''
BUILD_HC128_TRUE=''
BUILD_IDEA_FALSE=''
BUILD_IDEA_TRUE=''
BUILD_INLINE_FALSE=''
BUILD_INLINE_TRUE=''
BUILD_INTEL_QA_FALSE=''
BUILD_INTEL_QA_TRUE=''
BUILD_IPV6_FALSE=''
BUILD_IPV6_TRUE=''
BUILD_LEANPSK_FALSE=''
BUILD_LEANPSK_TRUE=''
BUILD_LEANTLS_FALSE=''
BUILD_LEANTLS_TRUE=''
BUILD_LIBZ_FALSE=''
BUILD_LIBZ_TRUE=''
BUILD_MCAPI_FALSE=''
BUILD_MCAPI_TRUE=''
BUILD_MD2_FALSE=''
BUILD_MD2_TRUE=''
BUILD_MD4_FALSE=''
BUILD_MD4_TRUE=''
BUILD_MD5_FALSE=''
BUILD_MD5_TRUE=''
BUILD_MEMORY_FALSE=''
BUILD_MEMORY_TRUE=''
BUILD_NTRU_FALSE=''
BUILD_NTRU_TRUE=''
BUILD_OCSP_FALSE=''
BUILD_OCSP_STAPLING_FALSE=''
BUILD_OCSP_STAPLING_TRUE=''
BUILD_OCSP_STAPLING_V2_FALSE=''
BUILD_OCSP_STAPLING_V2_TRUE=''
BUILD_OCSP_TRUE=''
BUILD_PKCALLBACKS_FALSE=''
BUILD_PKCALLBACKS_TRUE=''
BUILD_PKCS7_FALSE=''
BUILD_PKCS7_TRUE=''
BUILD_POLY1305_FALSE=''
BUILD_POLY1305_TRUE=''
BUILD_PSK_FALSE=''
BUILD_PSK_TRUE=''
BUILD_PWDBASED_FALSE=''
BUILD_PWDBASED_TRUE=''
BUILD_RABBIT_FALSE=''
BUILD_RABBIT_TRUE=''
BUILD_RC4_FALSE=''
BUILD_RC4_TRUE=''
BUILD_RIPEMD_FALSE=''
BUILD_RIPEMD_TRUE=''
BUILD_RNG_FALSE=''
BUILD_RNG_TRUE=''
BUILD_RSA_FALSE=''
BUILD_RSA_TRUE=''
BUILD_SCRYPT_FALSE=''
BUILD_SCRYPT_TRUE=''
BUILD_SCTP_FALSE=''
BUILD_SCTP_TRUE=''
BUILD_SHA224_FALSE=''
BUILD_SHA224_TRUE=''
BUILD_SHA512_FALSE=''
BUILD_SHA512_TRUE=''
BUILD_SHA_FALSE=''
BUILD_SHA_TRUE=''
BUILD_SLOWMATH_FALSE=''
BUILD_SLOWMATH_TRUE=''
BUILD_SNIFFER_FALSE=''
BUILD_SNIFFER_TRUE=''
BUILD_SNIFFTEST_FALSE=''
BUILD_SNIFFTEST_TRUE=''
BUILD_SRP_FALSE=''
BUILD_SRP_TRUE=''
BUILD_TESTS_FALSE=''
BUILD_TESTS_TRUE=''
BUILD_TLS13_FALSE=''
BUILD_TLS13_TRUE=''
BUILD_TRUST_PEER_CERT_FALSE=''
BUILD_TRUST_PEER_CERT_TRUE=''
BUILD_USER_CRYPTO_FALSE=''
BUILD_USER_CRYPTO_TRUE=''
BUILD_USER_RSA_FALSE=''
BUILD_USER_RSA_TRUE=''
BUILD_WNR_FALSE=''
BUILD_WNR_TRUE=''
BUILD_WOLFCRYPT_TESTS_FALSE=''
BUILD_WOLFCRYPT_TESTS_TRUE=''
BUILD_WOLFEVENT_FALSE=''
BUILD_WOLFEVENT_TRUE=''
CC='gcc -fsanitize=address'
CCAS=''
CCASDEPMODE=''
CCASFLAGS=''
CCDEPMODE=''
CFLAGS=''
CFLAG_VISIBILITY=''
CPP=''
CPPFLAGS=''
CXX=''
CXXCPP=''
CXXDEPMODE=''
CXXFLAGS=''
CYGPATH_W=''
DEBUG_FALSE=''
DEBUG_TRUE=''
DEFS=''
DEPDIR=''
DLLTOOL=''
DSYMUTIL=''
DUMPBIN=''
ECHO_C=''
ECHO_N='-n'
ECHO_T=''
EGREP=''
EXEEXT=''
FGREP=''
GENERIC_CONFIG=''
GREP=''
HAVE_OPENSSL_CMD=''
HAVE_VALGRIND=''
HAVE_VISIBILITY=''
HEX_VERSION=''
INC_AMINCLUDE=''
INSTALL_DATA='${INSTALL} -m 644'
INSTALL_PROGRAM='${INSTALL}'
INSTALL_SCRIPT='${INSTALL}'
INSTALL_STRIP_PROGRAM='$(install_sh) -c -s'
IPPHEADERS=''
IPPLIBS=''
IPPLINK=''
IS_VCS_CHECKOUT_FALSE=''
IS_VCS_CHECKOUT_TRUE=''
LD=''
LDFLAGS=''
LIBM=''
LIBOBJS=''
LIBS=''
LIBTOOL=''
LIB_ADD=''
LIB_STATIC_ADD=''
LIPO=''
LN_S=''
LTLIBOBJS=''
LT_SYS_LIBRARY_PATH=''
MAKEINFO=''
MANIFEST_TOOL=''
MCHECK=''
MKDIR_P='/bin/mkdir -p'
NM=''
NMEDIT=''
OBJDUMP=''
OBJEXT=''
OTOOL64=''
OTOOL=''
PACKAGE=''
PACKAGE_BUGREPORT='https://github.com/wolfssl/wolfssl/issues'
PACKAGE_NAME='wolfssl'
PACKAGE_STRING='wolfssl 3.11.1'
PACKAGE_TARNAME='wolfssl'
PACKAGE_URL='http://www.wolfssl.com'
PACKAGE_VERSION='3.11.1'
PATH_SEPARATOR=':'
PTHREAD_CC=''
PTHREAD_CFLAGS=''
PTHREAD_LIBS=''
RANLIB=''
SED=''
SET_MAKE=''
SHELL='/bin/bash'
STRIP=''
USE_VALGRIND_FALSE=''
USE_VALGRIND_TRUE=''
VERSION=''
WOLFSSL_LIBRARY_VERSION=''
ac_ct_AR=''
ac_ct_CC=''
ac_ct_CXX=''
ac_ct_DUMPBIN=''
am__EXEEXT_FALSE=''
am__EXEEXT_TRUE=''
am__fastdepCCAS_FALSE=''
am__fastdepCCAS_TRUE=''
am__fastdepCC_FALSE=''
am__fastdepCC_TRUE=''
am__fastdepCXX_FALSE=''
am__fastdepCXX_TRUE=''
am__include=''
am__isrc=' -I$(srcdir)'
am__leading_dot='.'
am__nodep=''
am__quote=''
am__tar=''
am__untar=''
ax_pthread_config=''
bindir='${exec_prefix}/bin'
build='x86_64-pc-linux-gnu'
build_alias=''
build_cpu='x86_64'
build_os='linux-gnu'
build_vendor='pc'
datadir='${datarootdir}'
datarootdir='${prefix}/share'
docdir='${datarootdir}/doc/${PACKAGE_TARNAME}'
dvidir='${docdir}'
exec_prefix='NONE'
host='x86_64-pc-linux-gnu'
host_alias=''
host_cpu='x86_64'
host_os='linux-gnu'
host_vendor='pc'
htmldir='${docdir}'
includedir='${prefix}/include'
infodir='${datarootdir}/info'
install_sh='${SHELL} /home/alexabrahamson/Work/wolfssl/build-aux/install-sh'
libdir='${exec_prefix}/lib'
libexecdir='${exec_prefix}/libexec'
localedir='${datarootdir}/locale'
localstatedir='${prefix}/var'
mandir='${datarootdir}/man'
mkdir_p=''
oldincludedir='/usr/include'
pdfdir='${docdir}'
prefix='NONE'
program_transform_name='s,x,x,'
psdir='${docdir}'
runstatedir='${localstatedir}/run'
sbindir='${exec_prefix}/sbin'
sharedstatedir='${prefix}/com'
sysconfdir='${prefix}/etc'
target_alias=''

## ----------- ##
## confdefs.h. ##
## ----------- ##

/* confdefs.h */
#define PACKAGE_NAME "wolfssl"
#define PACKAGE_TARNAME "wolfssl"
#define PACKAGE_VERSION "3.11.1"
#define PACKAGE_STRING "wolfssl 3.11.1"
#define PACKAGE_BUGREPORT "https://github.com/wolfssl/wolfssl/issues"
#define PACKAGE_URL "http://www.wolfssl.com"

configure: exit 1
