This file contains any messages produced by compilers while
running configure, to aid debugging if configure makes a mistake.

It was created by cyassl configure 3.0.0, which was
generated by GNU Autoconf 2.69.  Invocation command line was

  $ ./configure --enable-dtls

## --------- ##
## Platform. ##
## --------- ##

hostname = khimes-TravelMate-X483
uname -m = i686
uname -r = 3.13.0-24-generic
uname -s = Linux
uname -v = #47-Ubuntu SMP Fri May 2 23:31:42 UTC 2014

/usr/bin/uname -p = unknown
/bin/uname -X     = unknown

/bin/arch              = unknown
/usr/bin/arch -k       = unknown
/usr/convex/getsysinfo = unknown
/usr/bin/hostinfo      = unknown
/bin/machine           = unknown
/usr/bin/oslevel       = unknown
/bin/universe          = unknown

PATH: /usr/local/sbin
PATH: /usr/local/bin
PATH: /usr/sbin
PATH: /usr/bin
PATH: /sbin
PATH: /bin
PATH: /usr/games
PATH: /usr/local/games


## ----------- ##
## Core tests. ##
## ----------- ##

configure:2943: checking build system type
configure:2957: result: i686-pc-linux-gnu
configure:2977: checking host system type
configure:2990: result: i686-pc-linux-gnu
configure:3028: checking for a BSD-compatible install
configure:3096: result: /usr/bin/install -c
configure:3107: checking whether build environment is sane
configure:3162: result: yes
configure:3313: checking for a thread-safe mkdir -p
configure:3352: result: /bin/mkdir -p
configure:3359: checking for gawk
configure:3389: result: no
configure:3359: checking for mawk
configure:3375: found /usr/bin/mawk
configure:3386: result: mawk
configure:3397: checking whether make sets $(MAKE)
configure:3419: result: yes
configure:3448: checking whether make supports nested variables
configure:3465: result: yes
configure:3545: checking whether UID '1000' is supported by ustar format
configure:3548: result: yes
configure:3555: checking whether GID '1000' is supported by ustar format
configure:3558: result: yes
configure:3566: checking how to create a ustar tar archive
configure:3577: tar --version
tar (GNU tar) 1.27.1
Copyright (C) 2013 Free Software Foundation, Inc.
License GPLv3+: GNU GPL version 3 or later <http://gnu.org/licenses/gpl.html>.
This is free software: you are free to change and redistribute it.
There is NO WARRANTY, to the extent permitted by law.

Written by John Gilmore and Jay Fenlason.
configure:3580: $? = 0
configure:3620: tardir=conftest.dir && eval tar --format=ustar -chf - "$tardir" >conftest.tar
configure:3623: $? = 0
configure:3627: tar -xf - <conftest.tar
configure:3630: $? = 0
configure:3632: cat conftest.dir/file
GrepMe
configure:3635: $? = 0
configure:3648: result: gnutar
configure:3773: checking how to print strings
configure:3800: result: printf
configure:3833: checking for style of include used by make
configure:3861: result: GNU
configure:3932: checking for gcc
configure:3959: result: clang
configure:4188: checking for C compiler version
configure:4197: clang --version >&5
Ubuntu clang version 3.4-1ubuntu3 (tags/RELEASE_34/final) (based on LLVM 3.4)
Target: i386-pc-linux-gnu
Thread model: posix
configure:4208: $? = 0
configure:4197: clang -v >&5
Ubuntu clang version 3.4-1ubuntu3 (tags/RELEASE_34/final) (based on LLVM 3.4)
Target: i386-pc-linux-gnu
Thread model: posix
Found candidate GCC installation: /usr/bin/../lib/gcc/i686-linux-gnu/4.8
Found candidate GCC installation: /usr/bin/../lib/gcc/i686-linux-gnu/4.8.2
Found candidate GCC installation: /usr/bin/../lib/gcc/i686-linux-gnu/4.9
Found candidate GCC installation: /usr/bin/../lib/gcc/i686-linux-gnu/4.9.0
Found candidate GCC installation: /usr/lib/gcc/i686-linux-gnu/4.8
Found candidate GCC installation: /usr/lib/gcc/i686-linux-gnu/4.8.2
Found candidate GCC installation: /usr/lib/gcc/i686-linux-gnu/4.9
... rest of stderr output deleted ...
configure:4208: $? = 0
configure:4197: clang -V >&5
clang: error: argument to '-V' is missing (expected 1 value)
clang: error: no input files
configure:4208: $? = 1
configure:4197: clang -qversion >&5
clang: error: unknown argument: '-qversion'
clang: error: no input files
configure:4208: $? = 1
configure:4228: checking whether the C compiler works
configure:4250: clang    conftest.c  >&5
configure:4254: $? = 0
configure:4302: result: yes
configure:4305: checking for C compiler default output file name
configure:4307: result: a.out
configure:4313: checking for suffix of executables
configure:4320: clang -o conftest    conftest.c  >&5
configure:4324: $? = 0
configure:4346: result: 
configure:4368: checking whether we are cross compiling
configure:4376: clang -o conftest    conftest.c  >&5
configure:4380: $? = 0
configure:4387: ./conftest
configure:4391: $? = 0
configure:4406: result: no
configure:4411: checking for suffix of object files
configure:4433: clang -c   conftest.c >&5
configure:4437: $? = 0
configure:4458: result: o
configure:4462: checking whether we are using the GNU C compiler
configure:4481: clang -c   conftest.c >&5
configure:4481: $? = 0
configure:4490: result: yes
configure:4499: checking whether clang accepts -g
configure:4519: clang -c -g  conftest.c >&5
configure:4519: $? = 0
configure:4560: result: yes
configure:4577: checking for clang option to accept ISO C89
configure:4640: clang  -c -g -O2  conftest.c >&5
configure:4640: $? = 0
configure:4653: result: none needed
configure:4678: checking whether clang understands -c and -o together
configure:4700: clang -c conftest.c -o conftest2.o
configure:4703: $? = 0
configure:4700: clang -c conftest.c -o conftest2.o
configure:4703: $? = 0
configure:4715: result: yes
configure:4734: checking dependency style of clang
configure:4845: result: gcc3
configure:4860: checking for a sed that does not truncate output
configure:4924: result: /bin/sed
configure:4942: checking for grep that handles long lines and -e
configure:5000: result: /bin/grep
configure:5005: checking for egrep
configure:5067: result: /bin/grep -E
configure:5072: checking for fgrep
configure:5134: result: /bin/grep -F
configure:5169: checking for ld used by clang
configure:5236: result: /usr/bin/ld
configure:5243: checking if the linker (/usr/bin/ld) is GNU ld
configure:5258: result: yes
configure:5270: checking for BSD- or MS-compatible name lister (nm)
configure:5319: result: /usr/bin/nm -B
configure:5449: checking the name lister (/usr/bin/nm -B) interface
configure:5456: clang -c -g -O2  conftest.c >&5
configure:5459: /usr/bin/nm -B "conftest.o"
configure:5462: output
00000000 B some_variable
configure:5469: result: BSD nm
configure:5472: checking whether ln -s works
configure:5476: result: yes
configure:5484: checking the maximum length of command line arguments
configure:5614: result: 1572864
configure:5631: checking whether the shell understands some XSI constructs
configure:5641: result: yes
configure:5645: checking whether the shell understands "+="
configure:5651: result: yes
configure:5686: checking how to convert i686-pc-linux-gnu file names to i686-pc-linux-gnu format
configure:5726: result: func_convert_file_noop
configure:5733: checking how to convert i686-pc-linux-gnu file names to toolchain format
configure:5753: result: func_convert_file_noop
configure:5760: checking for /usr/bin/ld option to reload object files
configure:5767: result: -r
configure:5841: checking for objdump
configure:5857: found /usr/bin/objdump
configure:5868: result: objdump
configure:5900: checking how to recognize dependent libraries
configure:6102: result: pass_all
configure:6187: checking for dlltool
configure:6217: result: no
configure:6247: checking how to associate runtime and link libraries
configure:6274: result: printf %s\n
configure:6335: checking for ar
configure:6351: found /usr/bin/ar
configure:6362: result: ar
configure:6399: checking for archiver @FILE support
configure:6416: clang -c -g -O2  conftest.c >&5
configure:6416: $? = 0
configure:6419: ar cru libconftest.a @conftest.lst >&5
configure:6422: $? = 0
configure:6427: ar cru libconftest.a @conftest.lst >&5
ar: conftest.o: No such file or directory
configure:6430: $? = 1
configure:6442: result: @
configure:6500: checking for strip
configure:6516: found /usr/bin/strip
configure:6527: result: strip
configure:6599: checking for ranlib
configure:6615: found /usr/bin/ranlib
configure:6626: result: ranlib
configure:6728: checking command to parse /usr/bin/nm -B output from clang object
configure:6848: clang -c -g -O2  conftest.c >&5
configure:6851: $? = 0
configure:6855: /usr/bin/nm -B conftest.o \| sed -n -e 's/^.*[ ]\([ABCDGIRSTW][ABCDGIRSTW]*\)[ ][ ]*\([_A-Za-z][_A-Za-z0-9]*\)$/\1 \2 \2/p' | sed '/ __gnu_lto/d' \> conftest.nm
configure:6858: $? = 0
configure:6924: clang -o conftest -g -O2   conftest.c conftstm.o >&5
configure:6927: $? = 0
configure:6965: result: ok
configure:7002: checking for sysroot
configure:7032: result: no
configure:7288: checking for mt
configure:7304: found /bin/mt
configure:7315: result: mt
configure:7338: checking if mt is a manifest tool
configure:7344: mt '-?'
configure:7352: result: no
configure:7994: checking how to run the C preprocessor
configure:8025: clang -E  conftest.c
configure:8025: $? = 0
configure:8039: clang -E  conftest.c
conftest.c:9:10: fatal error: 'ac_nonexistent.h' file not found
#include <ac_nonexistent.h>
         ^
1 error generated.
configure:8039: $? = 1
configure: failed program was:
| /* confdefs.h */
| #define PACKAGE_NAME "cyassl"
| #define PACKAGE_TARNAME "cyassl"
| #define PACKAGE_VERSION "3.0.0"
| #define PACKAGE_STRING "cyassl 3.0.0"
| #define PACKAGE_BUGREPORT "https://github.com/cyassl/cyassl/issues"
| #define PACKAGE_URL "http://www.wolfssl.com"
| /* end confdefs.h.  */
| #include <ac_nonexistent.h>
configure:8064: result: clang -E
configure:8084: clang -E  conftest.c
configure:8084: $? = 0
configure:8098: clang -E  conftest.c
conftest.c:9:10: fatal error: 'ac_nonexistent.h' file not found
#include <ac_nonexistent.h>
         ^
1 error generated.
configure:8098: $? = 1
configure: failed program was:
| /* confdefs.h */
| #define PACKAGE_NAME "cyassl"
| #define PACKAGE_TARNAME "cyassl"
| #define PACKAGE_VERSION "3.0.0"
| #define PACKAGE_STRING "cyassl 3.0.0"
| #define PACKAGE_BUGREPORT "https://github.com/cyassl/cyassl/issues"
| #define PACKAGE_URL "http://www.wolfssl.com"
| /* end confdefs.h.  */
| #include <ac_nonexistent.h>
configure:8127: checking for ANSI C header files
configure:8147: clang -c -g -O2  conftest.c >&5
configure:8147: $? = 0
configure:8220: clang -o conftest -g -O2   conftest.c  >&5
configure:8220: $? = 0
configure:8220: ./conftest
configure:8220: $? = 0
configure:8231: result: yes
configure:8244: checking for sys/types.h
configure:8244: clang -c -g -O2  conftest.c >&5
configure:8244: $? = 0
configure:8244: result: yes
configure:8244: checking for sys/stat.h
configure:8244: clang -c -g -O2  conftest.c >&5
configure:8244: $? = 0
configure:8244: result: yes
configure:8244: checking for stdlib.h
configure:8244: clang -c -g -O2  conftest.c >&5
configure:8244: $? = 0
configure:8244: result: yes
configure:8244: checking for string.h
configure:8244: clang -c -g -O2  conftest.c >&5
configure:8244: $? = 0
configure:8244: result: yes
configure:8244: checking for memory.h
configure:8244: clang -c -g -O2  conftest.c >&5
configure:8244: $? = 0
configure:8244: result: yes
configure:8244: checking for strings.h
configure:8244: clang -c -g -O2  conftest.c >&5
configure:8244: $? = 0
configure:8244: result: yes
configure:8244: checking for inttypes.h
configure:8244: clang -c -g -O2  conftest.c >&5
configure:8244: $? = 0
configure:8244: result: yes
configure:8244: checking for stdint.h
configure:8244: clang -c -g -O2  conftest.c >&5
configure:8244: $? = 0
configure:8244: result: yes
configure:8244: checking for unistd.h
configure:8244: clang -c -g -O2  conftest.c >&5
configure:8244: $? = 0
configure:8244: result: yes
configure:8258: checking for dlfcn.h
configure:8258: clang -c -g -O2  conftest.c >&5
configure:8258: $? = 0
configure:8258: result: yes
configure:8463: checking for objdir
configure:8478: result: .libs
configure:8749: checking if clang supports -fno-rtti -fno-exceptions
configure:8767: clang -c -g -O2  -fno-rtti -fno-exceptions conftest.c >&5
configure:8771: $? = 0
configure:8784: result: yes
configure:9111: checking for clang option to produce PIC
configure:9118: result: -fPIC -DPIC
configure:9126: checking if clang PIC flag -fPIC -DPIC works
configure:9144: clang -c -g -O2  -fPIC -DPIC -DPIC conftest.c >&5
configure:9148: $? = 0
configure:9161: result: yes
configure:9190: checking if clang static flag -static works
configure:9218: result: yes
configure:9233: checking if clang supports -c -o file.o
configure:9254: clang -c -g -O2  -o out/conftest2.o conftest.c >&5
configure:9258: $? = 0
configure:9280: result: yes
configure:9288: checking if clang supports -c -o file.o
configure:9335: result: yes
configure:9368: checking whether the clang linker (/usr/bin/ld) supports shared libraries
configure:10521: result: yes
configure:10558: checking whether -lc should be explicitly linked in
configure:10566: clang -c -g -O2  conftest.c >&5
configure:10569: $? = 0
configure:10584: clang -shared  -fPIC -DPIC conftest.o  -v -Wl,-soname -Wl,conftest -o conftest 2\>\&1 \| /bin/grep  -lc  \>/dev/null 2\>\&1
configure:10587: $? = 0
configure:10601: result: no
configure:10761: checking dynamic linker characteristics
configure:11272: clang -o conftest -g -O2   -Wl,-rpath -Wl,/foo conftest.c  >&5
configure:11272: $? = 0
configure:11494: result: GNU/Linux ld.so
configure:11601: checking how to hardcode library paths into programs
configure:11626: result: immediate
configure:12166: checking whether stripping libraries is possible
configure:12171: result: yes
configure:12206: checking if libtool supports shared libraries
configure:12208: result: yes
configure:12211: checking whether to build shared libraries
configure:12232: result: yes
configure:12235: checking whether to build static libraries
configure:12239: result: no
configure:12334: checking for g++
configure:12350: found /usr/bin/g++
configure:12361: result: g++
configure:12388: checking for C++ compiler version
configure:12397: g++ --version >&5
g++ (Ubuntu 4.8.2-19ubuntu1) 4.8.2
Copyright (C) 2013 Free Software Foundation, Inc.
This is free software; see the source for copying conditions.  There is NO
warranty; not even for MERCHANTABILITY or FITNESS FOR A PARTICULAR PURPOSE.

configure:12408: $? = 0
configure:12397: g++ -v >&5
Using built-in specs.
COLLECT_GCC=g++
COLLECT_LTO_WRAPPER=/usr/lib/gcc/i686-linux-gnu/4.8/lto-wrapper
Target: i686-linux-gnu
Configured with: ../src/configure -v --with-pkgversion='Ubuntu 4.8.2-19ubuntu1' --with-bugurl=file:///usr/share/doc/gcc-4.8/README.Bugs --enable-languages=c,c++,java,go,d,fortran,objc,obj-c++ --prefix=/usr --program-suffix=-4.8 --enable-shared --enable-linker-build-id --libexecdir=/usr/lib --without-included-gettext --enable-threads=posix --with-gxx-include-dir=/usr/include/c++/4.8 --libdir=/usr/lib --enable-nls --with-sysroot=/ --enable-clocale=gnu --enable-libstdcxx-debug --enable-libstdcxx-time=yes --enable-gnu-unique-object --disable-libmudflap --enable-plugin --with-system-zlib --disable-browser-plugin --enable-java-awt=gtk --enable-gtk-cairo --with-java-home=/usr/lib/jvm/java-1.5.0-gcj-4.8-i386/jre --enable-java-home --with-jvm-root-dir=/usr/lib/jvm/java-1.5.0-gcj-4.8-i386 --with-jvm-jar-dir=/usr/lib/jvm-exports/java-1.5.0-gcj-4.8-i386 --with-arch-directory=i386 --with-ecj-jar=/usr/share/java/eclipse-ecj.jar --enable-objc-gc --enable-targets=all --enable-multiarch --disable-werror --with-arch-32=i686 --with-multilib-list=m32,m64,mx32 --with-tune=generic --enable-checking=release --build=i686-linux-gnu --host=i686-linux-gnu --target=i686-linux-gnu
Thread model: posix
gcc version 4.8.2 (Ubuntu 4.8.2-19ubuntu1) 
configure:12408: $? = 0
configure:12397: g++ -V >&5
g++: error: unrecognized command line option '-V'
g++: fatal error: no input files
compilation terminated.
configure:12408: $? = 4
configure:12397: g++ -qversion >&5
g++: error: unrecognized command line option '-qversion'
g++: fatal error: no input files
compilation terminated.
configure:12408: $? = 4
configure:12412: checking whether we are using the GNU C++ compiler
configure:12431: g++ -c   conftest.cpp >&5
configure:12431: $? = 0
configure:12440: result: yes
configure:12449: checking whether g++ accepts -g
configure:12469: g++ -c -g  conftest.cpp >&5
configure:12469: $? = 0
configure:12510: result: yes
configure:12535: checking dependency style of g++
configure:12646: result: gcc3
configure:12680: checking how to run the C++ preprocessor
configure:12707: g++ -E  conftest.cpp
configure:12707: $? = 0
configure:12721: g++ -E  conftest.cpp
conftest.cpp:21:28: fatal error: ac_nonexistent.h: No such file or directory
 #include <ac_nonexistent.h>
                            ^
compilation terminated.
configure:12721: $? = 1
configure: failed program was:
| /* confdefs.h */
| #define PACKAGE_NAME "cyassl"
| #define PACKAGE_TARNAME "cyassl"
| #define PACKAGE_VERSION "3.0.0"
| #define PACKAGE_STRING "cyassl 3.0.0"
| #define PACKAGE_BUGREPORT "https://github.com/cyassl/cyassl/issues"
| #define PACKAGE_URL "http://www.wolfssl.com"
| #define STDC_HEADERS 1
| #define HAVE_SYS_TYPES_H 1
| #define HAVE_SYS_STAT_H 1
| #define HAVE_STDLIB_H 1
| #define HAVE_STRING_H 1
| #define HAVE_MEMORY_H 1
| #define HAVE_STRINGS_H 1
| #define HAVE_INTTYPES_H 1
| #define HAVE_STDINT_H 1
| #define HAVE_UNISTD_H 1
| #define HAVE_DLFCN_H 1
| #define LT_OBJDIR ".libs/"
| /* end confdefs.h.  */
| #include <ac_nonexistent.h>
configure:12746: result: g++ -E
configure:12766: g++ -E  conftest.cpp
configure:12766: $? = 0
configure:12780: g++ -E  conftest.cpp
conftest.cpp:21:28: fatal error: ac_nonexistent.h: No such file or directory
 #include <ac_nonexistent.h>
                            ^
compilation terminated.
configure:12780: $? = 1
configure: failed program was:
| /* confdefs.h */
| #define PACKAGE_NAME "cyassl"
| #define PACKAGE_TARNAME "cyassl"
| #define PACKAGE_VERSION "3.0.0"
| #define PACKAGE_STRING "cyassl 3.0.0"
| #define PACKAGE_BUGREPORT "https://github.com/cyassl/cyassl/issues"
| #define PACKAGE_URL "http://www.wolfssl.com"
| #define STDC_HEADERS 1
| #define HAVE_SYS_TYPES_H 1
| #define HAVE_SYS_STAT_H 1
| #define HAVE_STDLIB_H 1
| #define HAVE_STRING_H 1
| #define HAVE_MEMORY_H 1
| #define HAVE_STRINGS_H 1
| #define HAVE_INTTYPES_H 1
| #define HAVE_STDINT_H 1
| #define HAVE_UNISTD_H 1
| #define HAVE_DLFCN_H 1
| #define LT_OBJDIR ".libs/"
| /* end confdefs.h.  */
| #include <ac_nonexistent.h>
configure:12949: checking for ld used by g++
configure:13016: result: /usr/bin/ld
configure:13023: checking if the linker (/usr/bin/ld) is GNU ld
configure:13038: result: yes
configure:13093: checking whether the g++ linker (/usr/bin/ld) supports shared libraries
configure:14098: result: yes
configure:14134: g++ -c -g -O2  conftest.cpp >&5
configure:14137: $? = 0
configure:14657: checking for g++ option to produce PIC
configure:14664: result: -fPIC -DPIC
configure:14672: checking if g++ PIC flag -fPIC -DPIC works
configure:14690: g++ -c -g -O2  -fPIC -DPIC -DPIC conftest.cpp >&5
configure:14694: $? = 0
configure:14707: result: yes
configure:14730: checking if g++ static flag -static works
configure:14758: result: yes
configure:14770: checking if g++ supports -c -o file.o
configure:14791: g++ -c -g -O2  -o out/conftest2.o conftest.cpp >&5
configure:14795: $? = 0
configure:14817: result: yes
configure:14822: checking if g++ supports -c -o file.o
configure:14869: result: yes
configure:14899: checking whether the g++ linker (/usr/bin/ld) supports shared libraries
configure:14935: result: yes
configure:15076: checking dynamic linker characteristics
configure:15743: result: GNU/Linux ld.so
configure:15796: checking how to hardcode library paths into programs
configure:15821: result: immediate
configure:15868: checking whether the -Werror option is usable
configure:15887: clang -c -g -O2 -Werror  conftest.c >&5
configure:15887: $? = 0
configure:15896: result: yes
configure:15898: checking for simple visibility declarations
configure:15925: clang -c -g -O2 -fvisibility=hidden -Werror  conftest.c >&5
configure:15925: $? = 0
configure:15934: result: yes
configure:15967: checking whether make supports nested variables
configure:15984: result: yes
configure:15998: checking for gethostbyname
configure:15998: clang -o conftest -g -O2  -fvisibility=hidden  conftest.c  >&5
configure:15998: $? = 0
configure:15998: result: yes
configure:16009: checking for getaddrinfo
configure:16009: clang -o conftest -g -O2  -fvisibility=hidden  conftest.c  >&5
configure:16009: $? = 0
configure:16009: result: yes
configure:16020: checking for gettimeofday
configure:16020: clang -o conftest -g -O2  -fvisibility=hidden  conftest.c  >&5
configure:16020: $? = 0
configure:16020: result: yes
configure:16031: checking for inet_ntoa
configure:16031: clang -o conftest -g -O2  -fvisibility=hidden  conftest.c  >&5
configure:16031: $? = 0
configure:16031: result: yes
configure:16042: checking for memset
configure:16042: clang -o conftest -g -O2  -fvisibility=hidden  conftest.c  >&5
conftest.c:49:6: warning: incompatible redeclaration of library function 'memset' [-Wincompatible-library-redeclaration]
char memset ();
     ^
conftest.c:49:6: note: 'memset' is a builtin with type 'void *(void *, int, unsigned int)'
1 warning generated.
configure:16042: $? = 0
configure:16042: result: yes
configure:16053: checking for socket
configure:16053: clang -o conftest -g -O2  -fvisibility=hidden  conftest.c  >&5
configure:16053: $? = 0
configure:16053: result: yes
configure:16064: checking arpa/inet.h usability
configure:16064: clang -c -g -O2  -fvisibility=hidden conftest.c >&5
configure:16064: $? = 0
configure:16064: result: yes
configure:16064: checking arpa/inet.h presence
configure:16064: clang -E  -fvisibility=hidden conftest.c
configure:16064: $? = 0
configure:16064: result: yes
configure:16064: checking for arpa/inet.h
configure:16064: result: yes
configure:16076: checking fcntl.h usability
configure:16076: clang -c -g -O2  -fvisibility=hidden conftest.c >&5
configure:16076: $? = 0
configure:16076: result: yes
configure:16076: checking fcntl.h presence
configure:16076: clang -E  -fvisibility=hidden conftest.c
configure:16076: $? = 0
configure:16076: result: yes
configure:16076: checking for fcntl.h
configure:16076: result: yes
configure:16088: checking limits.h usability
configure:16088: clang -c -g -O2  -fvisibility=hidden conftest.c >&5
configure:16088: $? = 0
configure:16088: result: yes
configure:16088: checking limits.h presence
configure:16088: clang -E  -fvisibility=hidden conftest.c
configure:16088: $? = 0
configure:16088: result: yes
configure:16088: checking for limits.h
configure:16088: result: yes
configure:16100: checking netdb.h usability
configure:16100: clang -c -g -O2  -fvisibility=hidden conftest.c >&5
configure:16100: $? = 0
configure:16100: result: yes
configure:16100: checking netdb.h presence
configure:16100: clang -E  -fvisibility=hidden conftest.c
configure:16100: $? = 0
configure:16100: result: yes
configure:16100: checking for netdb.h
configure:16100: result: yes
configure:16112: checking netinet/in.h usability
configure:16112: clang -c -g -O2  -fvisibility=hidden conftest.c >&5
configure:16112: $? = 0
configure:16112: result: yes
configure:16112: checking netinet/in.h presence
configure:16112: clang -E  -fvisibility=hidden conftest.c
configure:16112: $? = 0
configure:16112: result: yes
configure:16112: checking for netinet/in.h
configure:16112: result: yes
configure:16124: checking stddef.h usability
configure:16124: clang -c -g -O2  -fvisibility=hidden conftest.c >&5
configure:16124: $? = 0
configure:16124: result: yes
configure:16124: checking stddef.h presence
configure:16124: clang -E  -fvisibility=hidden conftest.c
configure:16124: $? = 0
configure:16124: result: yes
configure:16124: checking for stddef.h
configure:16124: result: yes
configure:16136: checking sys/ioctl.h usability
configure:16136: clang -c -g -O2  -fvisibility=hidden conftest.c >&5
configure:16136: $? = 0
configure:16136: result: yes
configure:16136: checking sys/ioctl.h presence
configure:16136: clang -E  -fvisibility=hidden conftest.c
configure:16136: $? = 0
configure:16136: result: yes
configure:16136: checking for sys/ioctl.h
configure:16136: result: yes
configure:16148: checking sys/socket.h usability
configure:16148: clang -c -g -O2  -fvisibility=hidden conftest.c >&5
configure:16148: $? = 0
configure:16148: result: yes
configure:16148: checking sys/socket.h presence
configure:16148: clang -E  -fvisibility=hidden conftest.c
configure:16148: $? = 0
configure:16148: result: yes
configure:16148: checking for sys/socket.h
configure:16148: result: yes
configure:16160: checking sys/time.h usability
configure:16160: clang -c -g -O2  -fvisibility=hidden conftest.c >&5
configure:16160: $? = 0
configure:16160: result: yes
configure:16160: checking sys/time.h presence
configure:16160: clang -E  -fvisibility=hidden conftest.c
configure:16160: $? = 0
configure:16160: result: yes
configure:16160: checking for sys/time.h
configure:16160: result: yes
configure:16172: checking errno.h usability
configure:16172: clang -c -g -O2  -fvisibility=hidden conftest.c >&5
configure:16172: $? = 0
configure:16172: result: yes
configure:16172: checking errno.h presence
configure:16172: clang -E  -fvisibility=hidden conftest.c
configure:16172: $? = 0
configure:16172: result: yes
configure:16172: checking for errno.h
configure:16172: result: yes
configure:16182: checking for socket in -lnetwork
configure:16207: clang -o conftest -g -O2  -fvisibility=hidden  conftest.c -lnetwork   >&5
/usr/bin/ld: cannot find -lnetwork
clang: error: linker command failed with exit code 1 (use -v to see invocation)
configure:16207: $? = 1
configure: failed program was:
| /* confdefs.h */
| #define PACKAGE_NAME "cyassl"
| #define PACKAGE_TARNAME "cyassl"
| #define PACKAGE_VERSION "3.0.0"
| #define PACKAGE_STRING "cyassl 3.0.0"
| #define PACKAGE_BUGREPORT "https://github.com/cyassl/cyassl/issues"
| #define PACKAGE_URL "http://www.wolfssl.com"
| #define STDC_HEADERS 1
| #define HAVE_SYS_TYPES_H 1
| #define HAVE_SYS_STAT_H 1
| #define HAVE_STDLIB_H 1
| #define HAVE_STRING_H 1
| #define HAVE_MEMORY_H 1
| #define HAVE_STRINGS_H 1
| #define HAVE_INTTYPES_H 1
| #define HAVE_STDINT_H 1
| #define HAVE_UNISTD_H 1
| #define HAVE_DLFCN_H 1
| #define LT_OBJDIR ".libs/"
| #define HAVE_VISIBILITY 1
| #define HAVE_GETHOSTBYNAME 1
| #define HAVE_GETADDRINFO 1
| #define HAVE_GETTIMEOFDAY 1
| #define HAVE_INET_NTOA 1
| #define HAVE_MEMSET 1
| #define HAVE_SOCKET 1
| #define HAVE_ARPA_INET_H 1
| #define HAVE_FCNTL_H 1
| #define HAVE_LIMITS_H 1
| #define HAVE_NETDB_H 1
| #define HAVE_NETINET_IN_H 1
| #define HAVE_STDDEF_H 1
| #define HAVE_SYS_IOCTL_H 1
| #define HAVE_SYS_SOCKET_H 1
| #define HAVE_SYS_TIME_H 1
| #define HAVE_ERRNO_H 1
| /* end confdefs.h.  */
| 
| /* Override any GCC internal prototype to avoid an error.
|    Use char because int might match the return type of a GCC
|    builtin and then its argument prototype would still apply.  */
| #ifdef __cplusplus
| extern "C"
| #endif
| char socket ();
| int
| main ()
| {
| return socket ();
|   ;
|   return 0;
| }
configure:16216: result: no
configure:16231: checking size of long long
configure:16236: clang -o conftest -g -O2  -fvisibility=hidden  conftest.c  >&5
configure:16236: $? = 0
configure:16236: ./conftest
configure:16236: $? = 0
configure:16250: result: 8
configure:16264: checking size of long
configure:16269: clang -o conftest -g -O2  -fvisibility=hidden  conftest.c  >&5
configure:16269: $? = 0
configure:16269: ./conftest
configure:16269: $? = 0
configure:16283: result: 4
configure:16293: checking whether byte ordering is bigendian
configure:16308: clang -c -g -O2  -fvisibility=hidden conftest.c >&5
conftest.c:41:9: error: unknown type name 'not'
               not a universal capable compiler
               ^
conftest.c:41:14: error: expected ';' after top level declarator
               not a universal capable compiler
                    ^
                    ;
2 errors generated.
configure:16308: $? = 1
configure: failed program was:
| /* confdefs.h */
| #define PACKAGE_NAME "cyassl"
| #define PACKAGE_TARNAME "cyassl"
| #define PACKAGE_VERSION "3.0.0"
| #define PACKAGE_STRING "cyassl 3.0.0"
| #define PACKAGE_BUGREPORT "https://github.com/cyassl/cyassl/issues"
| #define PACKAGE_URL "http://www.wolfssl.com"
| #define STDC_HEADERS 1
| #define HAVE_SYS_TYPES_H 1
| #define HAVE_SYS_STAT_H 1
| #define HAVE_STDLIB_H 1
| #define HAVE_STRING_H 1
| #define HAVE_MEMORY_H 1
| #define HAVE_STRINGS_H 1
| #define HAVE_INTTYPES_H 1
| #define HAVE_STDINT_H 1
| #define HAVE_UNISTD_H 1
| #define HAVE_DLFCN_H 1
| #define LT_OBJDIR ".libs/"
| #define HAVE_VISIBILITY 1
| #define HAVE_GETHOSTBYNAME 1
| #define HAVE_GETADDRINFO 1
| #define HAVE_GETTIMEOFDAY 1
| #define HAVE_INET_NTOA 1
| #define HAVE_MEMSET 1
| #define HAVE_SOCKET 1
| #define HAVE_ARPA_INET_H 1
| #define HAVE_FCNTL_H 1
| #define HAVE_LIMITS_H 1
| #define HAVE_NETDB_H 1
| #define HAVE_NETINET_IN_H 1
| #define HAVE_STDDEF_H 1
| #define HAVE_SYS_IOCTL_H 1
| #define HAVE_SYS_SOCKET_H 1
| #define HAVE_SYS_TIME_H 1
| #define HAVE_ERRNO_H 1
| #define SIZEOF_LONG_LONG 8
| #define SIZEOF_LONG 4
| /* end confdefs.h.  */
| #ifndef __APPLE_CC__
| 	       not a universal capable compiler
| 	     #endif
| 	     typedef int dummy;
| 
configure:16353: clang -c -g -O2  -fvisibility=hidden conftest.c >&5
configure:16353: $? = 0
configure:16371: clang -c -g -O2  -fvisibility=hidden conftest.c >&5
conftest.c:47:4: error: use of undeclared identifier 'not'
                 not big endian
                 ^
1 error generated.
configure:16371: $? = 1
configure: failed program was:
| /* confdefs.h */
| #define PACKAGE_NAME "cyassl"
| #define PACKAGE_TARNAME "cyassl"
| #define PACKAGE_VERSION "3.0.0"
| #define PACKAGE_STRING "cyassl 3.0.0"
| #define PACKAGE_BUGREPORT "https://github.com/cyassl/cyassl/issues"
| #define PACKAGE_URL "http://www.wolfssl.com"
| #define STDC_HEADERS 1
| #define HAVE_SYS_TYPES_H 1
| #define HAVE_SYS_STAT_H 1
| #define HAVE_STDLIB_H 1
| #define HAVE_STRING_H 1
| #define HAVE_MEMORY_H 1
| #define HAVE_STRINGS_H 1
| #define HAVE_INTTYPES_H 1
| #define HAVE_STDINT_H 1
| #define HAVE_UNISTD_H 1
| #define HAVE_DLFCN_H 1
| #define LT_OBJDIR ".libs/"
| #define HAVE_VISIBILITY 1
| #define HAVE_GETHOSTBYNAME 1
| #define HAVE_GETADDRINFO 1
| #define HAVE_GETTIMEOFDAY 1
| #define HAVE_INET_NTOA 1
| #define HAVE_MEMSET 1
| #define HAVE_SOCKET 1
| #define HAVE_ARPA_INET_H 1
| #define HAVE_FCNTL_H 1
| #define HAVE_LIMITS_H 1
| #define HAVE_NETDB_H 1
| #define HAVE_NETINET_IN_H 1
| #define HAVE_STDDEF_H 1
| #define HAVE_SYS_IOCTL_H 1
| #define HAVE_SYS_SOCKET_H 1
| #define HAVE_SYS_TIME_H 1
| #define HAVE_ERRNO_H 1
| #define SIZEOF_LONG_LONG 8
| #define SIZEOF_LONG 4
| /* end confdefs.h.  */
| #include <sys/types.h>
| 		#include <sys/param.h>
| 
| int
| main ()
| {
| #if BYTE_ORDER != BIG_ENDIAN
| 		 not big endian
| 		#endif
| 
|   ;
|   return 0;
| }
configure:16499: result: no
configure:16569: checking for gcc
configure:16596: result: clang
configure:16825: checking for C compiler version
configure:16834: clang --version >&5
Ubuntu clang version 3.4-1ubuntu3 (tags/RELEASE_34/final) (based on LLVM 3.4)
Target: i386-pc-linux-gnu
Thread model: posix
configure:16845: $? = 0
configure:16834: clang -v >&5
Ubuntu clang version 3.4-1ubuntu3 (tags/RELEASE_34/final) (based on LLVM 3.4)
Target: i386-pc-linux-gnu
Thread model: posix
Found candidate GCC installation: /usr/bin/../lib/gcc/i686-linux-gnu/4.8
Found candidate GCC installation: /usr/bin/../lib/gcc/i686-linux-gnu/4.8.2
Found candidate GCC installation: /usr/bin/../lib/gcc/i686-linux-gnu/4.9
Found candidate GCC installation: /usr/bin/../lib/gcc/i686-linux-gnu/4.9.0
Found candidate GCC installation: /usr/lib/gcc/i686-linux-gnu/4.8
Found candidate GCC installation: /usr/lib/gcc/i686-linux-gnu/4.8.2
Found candidate GCC installation: /usr/lib/gcc/i686-linux-gnu/4.9
... rest of stderr output deleted ...
configure:16845: $? = 0
configure:16834: clang -V >&5
clang: error: argument to '-V' is missing (expected 1 value)
clang: error: no input files
configure:16845: $? = 1
configure:16834: clang -qversion >&5
clang: error: unknown argument: '-qversion'
clang: error: no input files
configure:16845: $? = 1
configure:16849: checking whether we are using the GNU C compiler
configure:16877: result: yes
configure:16886: checking whether clang accepts -g
configure:16947: result: yes
configure:16964: checking for clang option to accept ISO C89
configure:17040: result: none needed
configure:17065: checking whether clang understands -c and -o together
configure:17102: result: yes
configure:17121: checking dependency style of clang
configure:17232: result: gcc3
configure:17248: checking whether clang and cc understand -c and -o together
configure:17279: clang -c conftest.c -o conftest2.o >&5
configure:17283: $? = 0
configure:17289: clang -c conftest.c -o conftest2.o >&5
configure:17293: $? = 0
configure:17304: cc -c conftest.c >&5
configure:17308: $? = 0
configure:17316: cc -c conftest.c -o conftest2.o >&5
configure:17320: $? = 0
configure:17326: cc -c conftest.c -o conftest2.o >&5
configure:17330: $? = 0
configure:17348: result: yes
configure:17470: checking for C++ compiler version
configure:17479: g++ --version >&5
g++ (Ubuntu 4.8.2-19ubuntu1) 4.8.2
Copyright (C) 2013 Free Software Foundation, Inc.
This is free software; see the source for copying conditions.  There is NO
warranty; not even for MERCHANTABILITY or FITNESS FOR A PARTICULAR PURPOSE.

configure:17490: $? = 0
configure:17479: g++ -v >&5
Using built-in specs.
COLLECT_GCC=g++
COLLECT_LTO_WRAPPER=/usr/lib/gcc/i686-linux-gnu/4.8/lto-wrapper
Target: i686-linux-gnu
Configured with: ../src/configure -v --with-pkgversion='Ubuntu 4.8.2-19ubuntu1' --with-bugurl=file:///usr/share/doc/gcc-4.8/README.Bugs --enable-languages=c,c++,java,go,d,fortran,objc,obj-c++ --prefix=/usr --program-suffix=-4.8 --enable-shared --enable-linker-build-id --libexecdir=/usr/lib --without-included-gettext --enable-threads=posix --with-gxx-include-dir=/usr/include/c++/4.8 --libdir=/usr/lib --enable-nls --with-sysroot=/ --enable-clocale=gnu --enable-libstdcxx-debug --enable-libstdcxx-time=yes --enable-gnu-unique-object --disable-libmudflap --enable-plugin --with-system-zlib --disable-browser-plugin --enable-java-awt=gtk --enable-gtk-cairo --with-java-home=/usr/lib/jvm/java-1.5.0-gcj-4.8-i386/jre --enable-java-home --with-jvm-root-dir=/usr/lib/jvm/java-1.5.0-gcj-4.8-i386 --with-jvm-jar-dir=/usr/lib/jvm-exports/java-1.5.0-gcj-4.8-i386 --with-arch-directory=i386 --with-ecj-jar=/usr/share/java/eclipse-ecj.jar --enable-objc-gc --enable-targets=all --enable-multiarch --disable-werror --with-arch-32=i686 --with-multilib-list=m32,m64,mx32 --with-tune=generic --enable-checking=release --build=i686-linux-gnu --host=i686-linux-gnu --target=i686-linux-gnu
Thread model: posix
gcc version 4.8.2 (Ubuntu 4.8.2-19ubuntu1) 
configure:17490: $? = 0
configure:17479: g++ -V >&5
g++: error: unrecognized command line option '-V'
g++: fatal error: no input files
compilation terminated.
configure:17490: $? = 4
configure:17479: g++ -qversion >&5
g++: error: unrecognized command line option '-qversion'
g++: fatal error: no input files
compilation terminated.
configure:17490: $? = 4
configure:17494: checking whether we are using the GNU C++ compiler
configure:17522: result: yes
configure:17531: checking whether g++ accepts -g
configure:17592: result: yes
configure:17617: checking dependency style of g++
configure:17728: result: gcc3
configure:17744: checking for size_t
configure:17744: clang -c -g -O2  -fvisibility=hidden conftest.c >&5
configure:17744: $? = 0
configure:17744: clang -c -g -O2  -fvisibility=hidden conftest.c >&5
conftest.c:76:21: error: expected expression
if (sizeof ((size_t)))
                    ^
1 error generated.
configure:17744: $? = 1
configure: failed program was:
| /* confdefs.h */
| #define PACKAGE_NAME "cyassl"
| #define PACKAGE_TARNAME "cyassl"
| #define PACKAGE_VERSION "3.0.0"
| #define PACKAGE_STRING "cyassl 3.0.0"
| #define PACKAGE_BUGREPORT "https://github.com/cyassl/cyassl/issues"
| #define PACKAGE_URL "http://www.wolfssl.com"
| #define STDC_HEADERS 1
| #define HAVE_SYS_TYPES_H 1
| #define HAVE_SYS_STAT_H 1
| #define HAVE_STDLIB_H 1
| #define HAVE_STRING_H 1
| #define HAVE_MEMORY_H 1
| #define HAVE_STRINGS_H 1
| #define HAVE_INTTYPES_H 1
| #define HAVE_STDINT_H 1
| #define HAVE_UNISTD_H 1
| #define HAVE_DLFCN_H 1
| #define LT_OBJDIR ".libs/"
| #define HAVE_VISIBILITY 1
| #define HAVE_GETHOSTBYNAME 1
| #define HAVE_GETADDRINFO 1
| #define HAVE_GETTIMEOFDAY 1
| #define HAVE_INET_NTOA 1
| #define HAVE_MEMSET 1
| #define HAVE_SOCKET 1
| #define HAVE_ARPA_INET_H 1
| #define HAVE_FCNTL_H 1
| #define HAVE_LIMITS_H 1
| #define HAVE_NETDB_H 1
| #define HAVE_NETINET_IN_H 1
| #define HAVE_STDDEF_H 1
| #define HAVE_SYS_IOCTL_H 1
| #define HAVE_SYS_SOCKET_H 1
| #define HAVE_SYS_TIME_H 1
| #define HAVE_ERRNO_H 1
| #define SIZEOF_LONG_LONG 8
| #define SIZEOF_LONG 4
| /* end confdefs.h.  */
| #include <stdio.h>
| #ifdef HAVE_SYS_TYPES_H
| # include <sys/types.h>
| #endif
| #ifdef HAVE_SYS_STAT_H
| # include <sys/stat.h>
| #endif
| #ifdef STDC_HEADERS
| # include <stdlib.h>
| # include <stddef.h>
| #else
| # ifdef HAVE_STDLIB_H
| #  include <stdlib.h>
| # endif
| #endif
| #ifdef HAVE_STRING_H
| # if !defined STDC_HEADERS && defined HAVE_MEMORY_H
| #  include <memory.h>
| # endif
| # include <string.h>
| #endif
| #ifdef HAVE_STRINGS_H
| # include <strings.h>
| #endif
| #ifdef HAVE_INTTYPES_H
| # include <inttypes.h>
| #endif
| #ifdef HAVE_STDINT_H
| # include <stdint.h>
| #endif
| #ifdef HAVE_UNISTD_H
| # include <unistd.h>
| #endif
| int
| main ()
| {
| if (sizeof ((size_t)))
| 	    return 0;
|   ;
|   return 0;
| }
configure:17744: result: yes
configure:17755: checking for uint8_t
configure:17755: clang -c -g -O2  -fvisibility=hidden conftest.c >&5
configure:17755: $? = 0
configure:17755: result: yes
configure:17778: checking dependency style of clang
configure:17887: result: gcc3
configure:17991: checking for cos in -lm
configure:18016: clang -o conftest -g -O2  -fvisibility=hidden  conftest.c -lm   >&5
conftest.c:47:6: warning: incompatible redeclaration of library function 'cos' [-Wincompatible-library-redeclaration]
char cos ();
     ^
conftest.c:47:6: note: 'cos' is a builtin with type 'double (double)'
1 warning generated.
configure:18016: $? = 0
configure:18025: result: yes
configure:18044: checking for thread local storage (TLS) class
configure:18072: clang -c -g -O2  -fvisibility=hidden conftest.c >&5
configure:18072: $? = 0
configure:18084: result: __thread
configure:18120: checking for debug
configure:18122: result: no
configure:18332: checking for the pthreads library -lpthreads
configure:18370: clang -o conftest -g -O2   -fvisibility=hidden  conftest.c -lpthreads  >&5
/usr/bin/ld: cannot find -lpthreads
clang: error: linker command failed with exit code 1 (use -v to see invocation)
configure:18370: $? = 1
configure: failed program was:
| /* confdefs.h */
| #define PACKAGE_NAME "cyassl"
| #define PACKAGE_TARNAME "cyassl"
| #define PACKAGE_VERSION "3.0.0"
| #define PACKAGE_STRING "cyassl 3.0.0"
| #define PACKAGE_BUGREPORT "https://github.com/cyassl/cyassl/issues"
| #define PACKAGE_URL "http://www.wolfssl.com"
| #define STDC_HEADERS 1
| #define HAVE_SYS_TYPES_H 1
| #define HAVE_SYS_STAT_H 1
| #define HAVE_STDLIB_H 1
| #define HAVE_STRING_H 1
| #define HAVE_MEMORY_H 1
| #define HAVE_STRINGS_H 1
| #define HAVE_INTTYPES_H 1
| #define HAVE_STDINT_H 1
| #define HAVE_UNISTD_H 1
| #define HAVE_DLFCN_H 1
| #define LT_OBJDIR ".libs/"
| #define HAVE_VISIBILITY 1
| #define HAVE_GETHOSTBYNAME 1
| #define HAVE_GETADDRINFO 1
| #define HAVE_GETTIMEOFDAY 1
| #define HAVE_INET_NTOA 1
| #define HAVE_MEMSET 1
| #define HAVE_SOCKET 1
| #define HAVE_ARPA_INET_H 1
| #define HAVE_FCNTL_H 1
| #define HAVE_LIMITS_H 1
| #define HAVE_NETDB_H 1
| #define HAVE_NETINET_IN_H 1
| #define HAVE_STDDEF_H 1
| #define HAVE_SYS_IOCTL_H 1
| #define HAVE_SYS_SOCKET_H 1
| #define HAVE_SYS_TIME_H 1
| #define HAVE_ERRNO_H 1
| #define SIZEOF_LONG_LONG 8
| #define SIZEOF_LONG 4
| #define TLS __thread
| #define DEBUG 0
| /* end confdefs.h.  */
| #include <pthread.h>
|                         static void routine(void *a) { a = 0; }
|                         static void *start_routine(void *a) { return a; }
| int
| main ()
| {
| pthread_t th; pthread_attr_t attr;
|                         pthread_create(&th, 0, start_routine, 0);
|                         pthread_join(th, 0);
|                         pthread_attr_init(&attr);
|                         pthread_cleanup_push(routine, 0);
|                         pthread_cleanup_pop(0) /* ; */
|   ;
|   return 0;
| }
configure:18379: result: no
configure:18277: checking whether pthreads work without any flags
configure:18370: clang -o conftest -g -O2   -fvisibility=hidden  conftest.c   >&5
/tmp/conftest-c6ef02.o: In function `main':
/home/khimes/work/project1/cyassl-3.0.0/conftest.c:49: undefined reference to `pthread_create'
/home/khimes/work/project1/cyassl-3.0.0/conftest.c:50: undefined reference to `pthread_join'
/home/khimes/work/project1/cyassl-3.0.0/conftest.c:52: undefined reference to `__pthread_register_cancel'
/home/khimes/work/project1/cyassl-3.0.0/conftest.c:53: undefined reference to `__pthread_unregister_cancel'
clang: error: linker command failed with exit code 1 (use -v to see invocation)
configure:18370: $? = 1
configure: failed program was:
| /* confdefs.h */
| #define PACKAGE_NAME "cyassl"
| #define PACKAGE_TARNAME "cyassl"
| #define PACKAGE_VERSION "3.0.0"
| #define PACKAGE_STRING "cyassl 3.0.0"
| #define PACKAGE_BUGREPORT "https://github.com/cyassl/cyassl/issues"
| #define PACKAGE_URL "http://www.wolfssl.com"
| #define STDC_HEADERS 1
| #define HAVE_SYS_TYPES_H 1
| #define HAVE_SYS_STAT_H 1
| #define HAVE_STDLIB_H 1
| #define HAVE_STRING_H 1
| #define HAVE_MEMORY_H 1
| #define HAVE_STRINGS_H 1
| #define HAVE_INTTYPES_H 1
| #define HAVE_STDINT_H 1
| #define HAVE_UNISTD_H 1
| #define HAVE_DLFCN_H 1
| #define LT_OBJDIR ".libs/"
| #define HAVE_VISIBILITY 1
| #define HAVE_GETHOSTBYNAME 1
| #define HAVE_GETADDRINFO 1
| #define HAVE_GETTIMEOFDAY 1
| #define HAVE_INET_NTOA 1
| #define HAVE_MEMSET 1
| #define HAVE_SOCKET 1
| #define HAVE_ARPA_INET_H 1
| #define HAVE_FCNTL_H 1
| #define HAVE_LIMITS_H 1
| #define HAVE_NETDB_H 1
| #define HAVE_NETINET_IN_H 1
| #define HAVE_STDDEF_H 1
| #define HAVE_SYS_IOCTL_H 1
| #define HAVE_SYS_SOCKET_H 1
| #define HAVE_SYS_TIME_H 1
| #define HAVE_ERRNO_H 1
| #define SIZEOF_LONG_LONG 8
| #define SIZEOF_LONG 4
| #define TLS __thread
| #define DEBUG 0
| /* end confdefs.h.  */
| #include <pthread.h>
|                         static void routine(void *a) { a = 0; }
|                         static void *start_routine(void *a) { return a; }
| int
| main ()
| {
| pthread_t th; pthread_attr_t attr;
|                         pthread_create(&th, 0, start_routine, 0);
|                         pthread_join(th, 0);
|                         pthread_attr_init(&attr);
|                         pthread_cleanup_push(routine, 0);
|                         pthread_cleanup_pop(0) /* ; */
|   ;
|   return 0;
| }
configure:18379: result: no
configure:18282: checking whether pthreads work with -Kthread
configure:18370: clang -o conftest -g -O2 -Kthread  -fvisibility=hidden  conftest.c   >&5
clang: error: unknown argument: '-Kthread'
configure:18370: $? = 1
configure: failed program was:
| /* confdefs.h */
| #define PACKAGE_NAME "cyassl"
| #define PACKAGE_TARNAME "cyassl"
| #define PACKAGE_VERSION "3.0.0"
| #define PACKAGE_STRING "cyassl 3.0.0"
| #define PACKAGE_BUGREPORT "https://github.com/cyassl/cyassl/issues"
| #define PACKAGE_URL "http://www.wolfssl.com"
| #define STDC_HEADERS 1
| #define HAVE_SYS_TYPES_H 1
| #define HAVE_SYS_STAT_H 1
| #define HAVE_STDLIB_H 1
| #define HAVE_STRING_H 1
| #define HAVE_MEMORY_H 1
| #define HAVE_STRINGS_H 1
| #define HAVE_INTTYPES_H 1
| #define HAVE_STDINT_H 1
| #define HAVE_UNISTD_H 1
| #define HAVE_DLFCN_H 1
| #define LT_OBJDIR ".libs/"
| #define HAVE_VISIBILITY 1
| #define HAVE_GETHOSTBYNAME 1
| #define HAVE_GETADDRINFO 1
| #define HAVE_GETTIMEOFDAY 1
| #define HAVE_INET_NTOA 1
| #define HAVE_MEMSET 1
| #define HAVE_SOCKET 1
| #define HAVE_ARPA_INET_H 1
| #define HAVE_FCNTL_H 1
| #define HAVE_LIMITS_H 1
| #define HAVE_NETDB_H 1
| #define HAVE_NETINET_IN_H 1
| #define HAVE_STDDEF_H 1
| #define HAVE_SYS_IOCTL_H 1
| #define HAVE_SYS_SOCKET_H 1
| #define HAVE_SYS_TIME_H 1
| #define HAVE_ERRNO_H 1
| #define SIZEOF_LONG_LONG 8
| #define SIZEOF_LONG 4
| #define TLS __thread
| #define DEBUG 0
| /* end confdefs.h.  */
| #include <pthread.h>
|                         static void routine(void *a) { a = 0; }
|                         static void *start_routine(void *a) { return a; }
| int
| main ()
| {
| pthread_t th; pthread_attr_t attr;
|                         pthread_create(&th, 0, start_routine, 0);
|                         pthread_join(th, 0);
|                         pthread_attr_init(&attr);
|                         pthread_cleanup_push(routine, 0);
|                         pthread_cleanup_pop(0) /* ; */
|   ;
|   return 0;
| }
configure:18379: result: no
configure:18282: checking whether pthreads work with -kthread
configure:18370: clang -o conftest -g -O2 -kthread  -fvisibility=hidden  conftest.c   >&5
clang: error: unknown argument: '-kthread'
configure:18370: $? = 1
configure: failed program was:
| /* confdefs.h */
| #define PACKAGE_NAME "cyassl"
| #define PACKAGE_TARNAME "cyassl"
| #define PACKAGE_VERSION "3.0.0"
| #define PACKAGE_STRING "cyassl 3.0.0"
| #define PACKAGE_BUGREPORT "https://github.com/cyassl/cyassl/issues"
| #define PACKAGE_URL "http://www.wolfssl.com"
| #define STDC_HEADERS 1
| #define HAVE_SYS_TYPES_H 1
| #define HAVE_SYS_STAT_H 1
| #define HAVE_STDLIB_H 1
| #define HAVE_STRING_H 1
| #define HAVE_MEMORY_H 1
| #define HAVE_STRINGS_H 1
| #define HAVE_INTTYPES_H 1
| #define HAVE_STDINT_H 1
| #define HAVE_UNISTD_H 1
| #define HAVE_DLFCN_H 1
| #define LT_OBJDIR ".libs/"
| #define HAVE_VISIBILITY 1
| #define HAVE_GETHOSTBYNAME 1
| #define HAVE_GETADDRINFO 1
| #define HAVE_GETTIMEOFDAY 1
| #define HAVE_INET_NTOA 1
| #define HAVE_MEMSET 1
| #define HAVE_SOCKET 1
| #define HAVE_ARPA_INET_H 1
| #define HAVE_FCNTL_H 1
| #define HAVE_LIMITS_H 1
| #define HAVE_NETDB_H 1
| #define HAVE_NETINET_IN_H 1
| #define HAVE_STDDEF_H 1
| #define HAVE_SYS_IOCTL_H 1
| #define HAVE_SYS_SOCKET_H 1
| #define HAVE_SYS_TIME_H 1
| #define HAVE_ERRNO_H 1
| #define SIZEOF_LONG_LONG 8
| #define SIZEOF_LONG 4
| #define TLS __thread
| #define DEBUG 0
| /* end confdefs.h.  */
| #include <pthread.h>
|                         static void routine(void *a) { a = 0; }
|                         static void *start_routine(void *a) { return a; }
| int
| main ()
| {
| pthread_t th; pthread_attr_t attr;
|                         pthread_create(&th, 0, start_routine, 0);
|                         pthread_join(th, 0);
|                         pthread_attr_init(&attr);
|                         pthread_cleanup_push(routine, 0);
|                         pthread_cleanup_pop(0) /* ; */
|   ;
|   return 0;
| }
configure:18379: result: no
configure:18332: checking for the pthreads library -llthread
configure:18370: clang -o conftest -g -O2   -fvisibility=hidden  conftest.c -llthread  >&5
/usr/bin/ld: cannot find -llthread
clang: error: linker command failed with exit code 1 (use -v to see invocation)
configure:18370: $? = 1
configure: failed program was:
| /* confdefs.h */
| #define PACKAGE_NAME "cyassl"
| #define PACKAGE_TARNAME "cyassl"
| #define PACKAGE_VERSION "3.0.0"
| #define PACKAGE_STRING "cyassl 3.0.0"
| #define PACKAGE_BUGREPORT "https://github.com/cyassl/cyassl/issues"
| #define PACKAGE_URL "http://www.wolfssl.com"
| #define STDC_HEADERS 1
| #define HAVE_SYS_TYPES_H 1
| #define HAVE_SYS_STAT_H 1
| #define HAVE_STDLIB_H 1
| #define HAVE_STRING_H 1
| #define HAVE_MEMORY_H 1
| #define HAVE_STRINGS_H 1
| #define HAVE_INTTYPES_H 1
| #define HAVE_STDINT_H 1
| #define HAVE_UNISTD_H 1
| #define HAVE_DLFCN_H 1
| #define LT_OBJDIR ".libs/"
| #define HAVE_VISIBILITY 1
| #define HAVE_GETHOSTBYNAME 1
| #define HAVE_GETADDRINFO 1
| #define HAVE_GETTIMEOFDAY 1
| #define HAVE_INET_NTOA 1
| #define HAVE_MEMSET 1
| #define HAVE_SOCKET 1
| #define HAVE_ARPA_INET_H 1
| #define HAVE_FCNTL_H 1
| #define HAVE_LIMITS_H 1
| #define HAVE_NETDB_H 1
| #define HAVE_NETINET_IN_H 1
| #define HAVE_STDDEF_H 1
| #define HAVE_SYS_IOCTL_H 1
| #define HAVE_SYS_SOCKET_H 1
| #define HAVE_SYS_TIME_H 1
| #define HAVE_ERRNO_H 1
| #define SIZEOF_LONG_LONG 8
| #define SIZEOF_LONG 4
| #define TLS __thread
| #define DEBUG 0
| /* end confdefs.h.  */
| #include <pthread.h>
|                         static void routine(void *a) { a = 0; }
|                         static void *start_routine(void *a) { return a; }
| int
| main ()
| {
| pthread_t th; pthread_attr_t attr;
|                         pthread_create(&th, 0, start_routine, 0);
|                         pthread_join(th, 0);
|                         pthread_attr_init(&attr);
|                         pthread_cleanup_push(routine, 0);
|                         pthread_cleanup_pop(0) /* ; */
|   ;
|   return 0;
| }
configure:18379: result: no
configure:18282: checking whether pthreads work with -pthread
configure:18370: clang -o conftest -g -O2 -pthread  -fvisibility=hidden  conftest.c   >&5
configure:18370: $? = 0
configure:18379: result: yes
configure:18398: checking for joinable pthread attribute
configure:18413: clang -o conftest -g -O2 -pthread  -fvisibility=hidden  conftest.c   >&5
configure:18413: $? = 0
configure:18419: result: PTHREAD_CREATE_JOINABLE
configure:18429: checking if more special flags are required for pthreads
configure:18443: result: no
configure:18449: checking for PTHREAD_PRIO_INHERIT
configure:18467: clang -o conftest -g -O2 -pthread  -fvisibility=hidden  conftest.c   >&5
configure:18467: $? = 0
configure:18476: result: yes
configure:20812: checking for library containing gethostbyname
configure:20843: clang -o conftest -g -O2  -fvisibility=hidden  conftest.c   >&5
configure:20843: $? = 0
configure:20860: result: none required
configure:20868: checking for library containing socket
configure:20899: clang -o conftest -g -O2  -fvisibility=hidden  conftest.c   >&5
configure:20899: $? = 0
configure:20916: result: none required
configure:20967: checking whether C compiler accepts 
configure:20986: clang -c -g -O2    -fvisibility=hidden conftest.c >&5
configure:20986: $? = 0
configure:20994: result: yes
configure:21012: : CFLAGS="$CFLAGS "
configure:21015: $? = 0
configure:21087: checking whether the linker accepts 
configure:21106: clang -o conftest -g -O2   -fvisibility=hidden    conftest.c   >&5
configure:21106: $? = 0
configure:21115: result: yes
configure:21123: checking for vcs system
configure:21143: result: none
configure:21152: checking for vcs checkout
configure:21164: result: no
configure:21235: checking whether the linker accepts -Werror
configure:21254: clang -o conftest -g -O2   -fvisibility=hidden   -Werror conftest.c   >&5
configure:21254: $? = 0
configure:21263: result: yes
configure:21277: checking whether the linker accepts -z relro -z now
configure:21296: clang -o conftest -g -O2   -fvisibility=hidden  -Werror -z relro -z now conftest.c   >&5
clang: error: unknown argument: '-z'
clang: error: unknown argument: '-z'
clang: error: no such file or directory: 'relro'
clang: error: no such file or directory: 'now'
configure:21296: $? = 1
configure: failed program was:
| /* confdefs.h */
| #define PACKAGE_NAME "cyassl"
| #define PACKAGE_TARNAME "cyassl"
| #define PACKAGE_VERSION "3.0.0"
| #define PACKAGE_STRING "cyassl 3.0.0"
| #define PACKAGE_BUGREPORT "https://github.com/cyassl/cyassl/issues"
| #define PACKAGE_URL "http://www.wolfssl.com"
| #define STDC_HEADERS 1
| #define HAVE_SYS_TYPES_H 1
| #define HAVE_SYS_STAT_H 1
| #define HAVE_STDLIB_H 1
| #define HAVE_STRING_H 1
| #define HAVE_MEMORY_H 1
| #define HAVE_STRINGS_H 1
| #define HAVE_INTTYPES_H 1
| #define HAVE_STDINT_H 1
| #define HAVE_UNISTD_H 1
| #define HAVE_DLFCN_H 1
| #define LT_OBJDIR ".libs/"
| #define HAVE_VISIBILITY 1
| #define HAVE_GETHOSTBYNAME 1
| #define HAVE_GETADDRINFO 1
| #define HAVE_GETTIMEOFDAY 1
| #define HAVE_INET_NTOA 1
| #define HAVE_MEMSET 1
| #define HAVE_SOCKET 1
| #define HAVE_ARPA_INET_H 1
| #define HAVE_FCNTL_H 1
| #define HAVE_LIMITS_H 1
| #define HAVE_NETDB_H 1
| #define HAVE_NETINET_IN_H 1
| #define HAVE_STDDEF_H 1
| #define HAVE_SYS_IOCTL_H 1
| #define HAVE_SYS_SOCKET_H 1
| #define HAVE_SYS_TIME_H 1
| #define HAVE_ERRNO_H 1
| #define SIZEOF_LONG_LONG 8
| #define SIZEOF_LONG 4
| #define TLS __thread
| #define DEBUG 0
| #define HAVE_PTHREAD_PRIO_INHERIT 1
| #define HAVE_PTHREAD 1
| #define VCS_SYSTEM "none"
| #define VCS_CHECKOUT 0
| /* end confdefs.h.  */
| 
| int
| main ()
| {
| 
|   ;
|   return 0;
| }
configure:21306: result: no
configure:21318: checking whether the linker accepts -pie
configure:21337: clang -o conftest -g -O2   -fvisibility=hidden  -Werror -pie conftest.c   >&5
configure:21337: $? = 0
configure:21347: result: yes
configure:21447: checking whether C compiler accepts -Werror
configure:21466: clang -c   -Werror  -fvisibility=hidden conftest.c >&5
configure:21466: $? = 0
configure:21475: result: yes
configure:21488: : ax_append_compile_cflags_extra="$ax_append_compile_cflags_extra $flag"
configure:21491: $? = 0
configure:21707: checking whether C compiler accepts -Wno-pragmas
configure:21726: clang -c   -Werror -Wno-pragmas  -fvisibility=hidden conftest.c >&5
error: unknown warning option '-Wno-pragmas' [-Werror,-Wunknown-warning-option]
configure:21726: $? = 1
configure: failed program was:
| /* confdefs.h */
| #define PACKAGE_NAME "cyassl"
| #define PACKAGE_TARNAME "cyassl"
| #define PACKAGE_VERSION "3.0.0"
| #define PACKAGE_STRING "cyassl 3.0.0"
| #define PACKAGE_BUGREPORT "https://github.com/cyassl/cyassl/issues"
| #define PACKAGE_URL "http://www.wolfssl.com"
| #define STDC_HEADERS 1
| #define HAVE_SYS_TYPES_H 1
| #define HAVE_SYS_STAT_H 1
| #define HAVE_STDLIB_H 1
| #define HAVE_STRING_H 1
| #define HAVE_MEMORY_H 1
| #define HAVE_STRINGS_H 1
| #define HAVE_INTTYPES_H 1
| #define HAVE_STDINT_H 1
| #define HAVE_UNISTD_H 1
| #define HAVE_DLFCN_H 1
| #define LT_OBJDIR ".libs/"
| #define HAVE_VISIBILITY 1
| #define HAVE_GETHOSTBYNAME 1
| #define HAVE_GETADDRINFO 1
| #define HAVE_GETTIMEOFDAY 1
| #define HAVE_INET_NTOA 1
| #define HAVE_MEMSET 1
| #define HAVE_SOCKET 1
| #define HAVE_ARPA_INET_H 1
| #define HAVE_FCNTL_H 1
| #define HAVE_LIMITS_H 1
| #define HAVE_NETDB_H 1
| #define HAVE_NETINET_IN_H 1
| #define HAVE_STDDEF_H 1
| #define HAVE_SYS_IOCTL_H 1
| #define HAVE_SYS_SOCKET_H 1
| #define HAVE_SYS_TIME_H 1
| #define HAVE_ERRNO_H 1
| #define SIZEOF_LONG_LONG 8
| #define SIZEOF_LONG 4
| #define TLS __thread
| #define DEBUG 0
| #define HAVE_PTHREAD_PRIO_INHERIT 1
| #define HAVE_PTHREAD 1
| #define VCS_SYSTEM "none"
| #define VCS_CHECKOUT 0
| /* end confdefs.h.  */
| 
| int
| main ()
| {
| 
|   ;
|   return 0;
| }
configure:21735: result: no
configure:21771: checking whether C compiler accepts -Wall
configure:21790: clang -c   -Werror -Wall  -fvisibility=hidden conftest.c >&5
configure:21790: $? = 0
configure:21799: result: yes
configure:21812: : CFLAGS="$CFLAGS $flag"
configure:21815: $? = 0
configure:21834: checking whether C compiler accepts -Wno-strict-aliasing
configure:21853: clang -c  -Wall  -Werror -Wno-strict-aliasing  -fvisibility=hidden conftest.c >&5
configure:21853: $? = 0
configure:21862: result: yes
configure:21875: : CFLAGS="$CFLAGS $flag"
configure:21878: $? = 0
configure:21897: checking whether C compiler accepts -Wextra
configure:21916: clang -c  -Wall -Wno-strict-aliasing  -Werror -Wextra  -fvisibility=hidden conftest.c >&5
configure:21916: $? = 0
configure:21925: result: yes
configure:21938: : CFLAGS="$CFLAGS $flag"
configure:21941: $? = 0
configure:21960: checking whether C compiler accepts -Wunknown-pragmas
configure:21979: clang -c  -Wall -Wno-strict-aliasing -Wextra  -Werror -Wunknown-pragmas  -fvisibility=hidden conftest.c >&5
configure:21979: $? = 0
configure:21988: result: yes
configure:22001: : CFLAGS="$CFLAGS $flag"
configure:22004: $? = 0
configure:22023: checking whether C compiler accepts -Wthis-test-should-fail
configure:22042: clang -c  -Wall -Wno-strict-aliasing -Wextra -Wunknown-pragmas  -Werror -Wthis-test-should-fail  -fvisibility=hidden conftest.c >&5
error: unknown warning option '-Wthis-test-should-fail'; did you mean '-Wmismatched-tags'? [-Werror,-Wunknown-warning-option]
configure:22042: $? = 1
configure: failed program was:
| /* confdefs.h */
| #define PACKAGE_NAME "cyassl"
| #define PACKAGE_TARNAME "cyassl"
| #define PACKAGE_VERSION "3.0.0"
| #define PACKAGE_STRING "cyassl 3.0.0"
| #define PACKAGE_BUGREPORT "https://github.com/cyassl/cyassl/issues"
| #define PACKAGE_URL "http://www.wolfssl.com"
| #define STDC_HEADERS 1
| #define HAVE_SYS_TYPES_H 1
| #define HAVE_SYS_STAT_H 1
| #define HAVE_STDLIB_H 1
| #define HAVE_STRING_H 1
| #define HAVE_MEMORY_H 1
| #define HAVE_STRINGS_H 1
| #define HAVE_INTTYPES_H 1
| #define HAVE_STDINT_H 1
| #define HAVE_UNISTD_H 1
| #define HAVE_DLFCN_H 1
| #define LT_OBJDIR ".libs/"
| #define HAVE_VISIBILITY 1
| #define HAVE_GETHOSTBYNAME 1
| #define HAVE_GETADDRINFO 1
| #define HAVE_GETTIMEOFDAY 1
| #define HAVE_INET_NTOA 1
| #define HAVE_MEMSET 1
| #define HAVE_SOCKET 1
| #define HAVE_ARPA_INET_H 1
| #define HAVE_FCNTL_H 1
| #define HAVE_LIMITS_H 1
| #define HAVE_NETDB_H 1
| #define HAVE_NETINET_IN_H 1
| #define HAVE_STDDEF_H 1
| #define HAVE_SYS_IOCTL_H 1
| #define HAVE_SYS_SOCKET_H 1
| #define HAVE_SYS_TIME_H 1
| #define HAVE_ERRNO_H 1
| #define SIZEOF_LONG_LONG 8
| #define SIZEOF_LONG 4
| #define TLS __thread
| #define DEBUG 0
| #define HAVE_PTHREAD_PRIO_INHERIT 1
| #define HAVE_PTHREAD 1
| #define VCS_SYSTEM "none"
| #define VCS_CHECKOUT 0
| /* end confdefs.h.  */
| 
| int
| main ()
| {
| 
|   ;
|   return 0;
| }
configure:22051: result: no
configure:22155: checking whether C compiler accepts -Waddress
configure:22174: clang -c  -Wall -Wno-strict-aliasing -Wextra -Wunknown-pragmas  -Werror -Waddress  -fvisibility=hidden conftest.c >&5
configure:22174: $? = 0
configure:22183: result: yes
configure:22196: : CFLAGS="$CFLAGS $flag"
configure:22199: $? = 0
configure:22218: checking whether C compiler accepts -Warray-bounds
configure:22237: clang -c  -Wall -Wno-strict-aliasing -Wextra -Wunknown-pragmas -Waddress  -Werror -Warray-bounds  -fvisibility=hidden conftest.c >&5
configure:22237: $? = 0
configure:22246: result: yes
configure:22259: : CFLAGS="$CFLAGS $flag"
configure:22262: $? = 0
configure:22281: checking whether C compiler accepts -Wbad-function-cast
configure:22300: clang -c  -Wall -Wno-strict-aliasing -Wextra -Wunknown-pragmas -Waddress -Warray-bounds  -Werror -Wbad-function-cast  -fvisibility=hidden conftest.c >&5
configure:22300: $? = 0
configure:22309: result: yes
configure:22322: : CFLAGS="$CFLAGS $flag"
configure:22325: $? = 0
configure:22344: checking whether C compiler accepts -Wchar-subscripts
configure:22363: clang -c  -Wall -Wno-strict-aliasing -Wextra -Wunknown-pragmas -Waddress -Warray-bounds -Wbad-function-cast  -Werror -Wchar-subscripts  -fvisibility=hidden conftest.c >&5
configure:22363: $? = 0
configure:22372: result: yes
configure:22385: : CFLAGS="$CFLAGS $flag"
configure:22388: $? = 0
configure:22407: checking whether C compiler accepts -Wcomment
configure:22426: clang -c  -Wall -Wno-strict-aliasing -Wextra -Wunknown-pragmas -Waddress -Warray-bounds -Wbad-function-cast -Wchar-subscripts  -Werror -Wcomment  -fvisibility=hidden conftest.c >&5
configure:22426: $? = 0
configure:22435: result: yes
configure:22448: : CFLAGS="$CFLAGS $flag"
configure:22451: $? = 0
configure:22470: checking whether C compiler accepts -Wfloat-equal
configure:22489: clang -c  -Wall -Wno-strict-aliasing -Wextra -Wunknown-pragmas -Waddress -Warray-bounds -Wbad-function-cast -Wchar-subscripts -Wcomment  -Werror -Wfloat-equal  -fvisibility=hidden conftest.c >&5
configure:22489: $? = 0
configure:22498: result: yes
configure:22511: : CFLAGS="$CFLAGS $flag"
configure:22514: $? = 0
configure:22533: checking whether C compiler accepts -Wformat-security
configure:22552: clang -c  -Wall -Wno-strict-aliasing -Wextra -Wunknown-pragmas -Waddress -Warray-bounds -Wbad-function-cast -Wchar-subscripts -Wcomment -Wfloat-equal  -Werror -Wformat-security  -fvisibility=hidden conftest.c >&5
configure:22552: $? = 0
configure:22561: result: yes
configure:22574: : CFLAGS="$CFLAGS $flag"
configure:22577: $? = 0
configure:22596: checking whether C compiler accepts -Wformat=2
configure:22615: clang -c  -Wall -Wno-strict-aliasing -Wextra -Wunknown-pragmas -Waddress -Warray-bounds -Wbad-function-cast -Wchar-subscripts -Wcomment -Wfloat-equal -Wformat-security  -Werror -Wformat=2  -fvisibility=hidden conftest.c >&5
configure:22615: $? = 0
configure:22624: result: yes
configure:22637: : CFLAGS="$CFLAGS $flag"
configure:22640: $? = 0
configure:22659: checking whether C compiler accepts -Wmaybe-uninitialized
configure:22678: clang -c  -Wall -Wno-strict-aliasing -Wextra -Wunknown-pragmas -Waddress -Warray-bounds -Wbad-function-cast -Wchar-subscripts -Wcomment -Wfloat-equal -Wformat-security -Wformat=2  -Werror -Wmaybe-uninitialized  -fvisibility=hidden conftest.c >&5
error: unknown warning option '-Wmaybe-uninitialized'; did you mean '-Wuninitialized'? [-Werror,-Wunknown-warning-option]
configure:22678: $? = 1
configure: failed program was:
| /* confdefs.h */
| #define PACKAGE_NAME "cyassl"
| #define PACKAGE_TARNAME "cyassl"
| #define PACKAGE_VERSION "3.0.0"
| #define PACKAGE_STRING "cyassl 3.0.0"
| #define PACKAGE_BUGREPORT "https://github.com/cyassl/cyassl/issues"
| #define PACKAGE_URL "http://www.wolfssl.com"
| #define STDC_HEADERS 1
| #define HAVE_SYS_TYPES_H 1
| #define HAVE_SYS_STAT_H 1
| #define HAVE_STDLIB_H 1
| #define HAVE_STRING_H 1
| #define HAVE_MEMORY_H 1
| #define HAVE_STRINGS_H 1
| #define HAVE_INTTYPES_H 1
| #define HAVE_STDINT_H 1
| #define HAVE_UNISTD_H 1
| #define HAVE_DLFCN_H 1
| #define LT_OBJDIR ".libs/"
| #define HAVE_VISIBILITY 1
| #define HAVE_GETHOSTBYNAME 1
| #define HAVE_GETADDRINFO 1
| #define HAVE_GETTIMEOFDAY 1
| #define HAVE_INET_NTOA 1
| #define HAVE_MEMSET 1
| #define HAVE_SOCKET 1
| #define HAVE_ARPA_INET_H 1
| #define HAVE_FCNTL_H 1
| #define HAVE_LIMITS_H 1
| #define HAVE_NETDB_H 1
| #define HAVE_NETINET_IN_H 1
| #define HAVE_STDDEF_H 1
| #define HAVE_SYS_IOCTL_H 1
| #define HAVE_SYS_SOCKET_H 1
| #define HAVE_SYS_TIME_H 1
| #define HAVE_ERRNO_H 1
| #define SIZEOF_LONG_LONG 8
| #define SIZEOF_LONG 4
| #define TLS __thread
| #define DEBUG 0
| #define HAVE_PTHREAD_PRIO_INHERIT 1
| #define HAVE_PTHREAD 1
| #define VCS_SYSTEM "none"
| #define VCS_CHECKOUT 0
| /* end confdefs.h.  */
| 
| int
| main ()
| {
| 
|   ;
|   return 0;
| }
configure:22687: result: no
configure:22722: checking whether C compiler accepts -Wmissing-field-initializers
configure:22741: clang -c  -Wall -Wno-strict-aliasing -Wextra -Wunknown-pragmas -Waddress -Warray-bounds -Wbad-function-cast -Wchar-subscripts -Wcomment -Wfloat-equal -Wformat-security -Wformat=2  -Werror -Wmissing-field-initializers  -fvisibility=hidden conftest.c >&5
configure:22741: $? = 0
configure:22750: result: yes
configure:22763: : CFLAGS="$CFLAGS $flag"
configure:22766: $? = 0
configure:22785: checking whether C compiler accepts -Wmissing-noreturn
configure:22804: clang -c  -Wall -Wno-strict-aliasing -Wextra -Wunknown-pragmas -Waddress -Warray-bounds -Wbad-function-cast -Wchar-subscripts -Wcomment -Wfloat-equal -Wformat-security -Wformat=2 -Wmissing-field-initializers  -Werror -Wmissing-noreturn  -fvisibility=hidden conftest.c >&5
configure:22804: $? = 0
configure:22813: result: yes
configure:22826: : CFLAGS="$CFLAGS $flag"
configure:22829: $? = 0
configure:22848: checking whether C compiler accepts -Wmissing-prototypes
configure:22867: clang -c  -Wall -Wno-strict-aliasing -Wextra -Wunknown-pragmas -Waddress -Warray-bounds -Wbad-function-cast -Wchar-subscripts -Wcomment -Wfloat-equal -Wformat-security -Wformat=2 -Wmissing-field-initializers -Wmissing-noreturn  -Werror -Wmissing-prototypes  -fvisibility=hidden conftest.c >&5
configure:22867: $? = 0
configure:22876: result: yes
configure:22889: : CFLAGS="$CFLAGS $flag"
configure:22892: $? = 0
configure:22911: checking whether C compiler accepts -Wnested-externs
configure:22930: clang -c  -Wall -Wno-strict-aliasing -Wextra -Wunknown-pragmas -Waddress -Warray-bounds -Wbad-function-cast -Wchar-subscripts -Wcomment -Wfloat-equal -Wformat-security -Wformat=2 -Wmissing-field-initializers -Wmissing-noreturn -Wmissing-prototypes  -Werror -Wnested-externs  -fvisibility=hidden conftest.c >&5
configure:22930: $? = 0
configure:22939: result: yes
configure:22952: : CFLAGS="$CFLAGS $flag"
configure:22955: $? = 0
configure:22974: checking whether C compiler accepts -Wnormalized=id
configure:22993: clang -c  -Wall -Wno-strict-aliasing -Wextra -Wunknown-pragmas -Waddress -Warray-bounds -Wbad-function-cast -Wchar-subscripts -Wcomment -Wfloat-equal -Wformat-security -Wformat=2 -Wmissing-field-initializers -Wmissing-noreturn -Wmissing-prototypes -Wnested-externs  -Werror -Wnormalized=id  -fvisibility=hidden conftest.c >&5
error: unknown warning option '-Wnormalized=id'; did you mean '-Wformat=2'? [-Werror,-Wunknown-warning-option]
configure:22993: $? = 1
configure: failed program was:
| /* confdefs.h */
| #define PACKAGE_NAME "cyassl"
| #define PACKAGE_TARNAME "cyassl"
| #define PACKAGE_VERSION "3.0.0"
| #define PACKAGE_STRING "cyassl 3.0.0"
| #define PACKAGE_BUGREPORT "https://github.com/cyassl/cyassl/issues"
| #define PACKAGE_URL "http://www.wolfssl.com"
| #define STDC_HEADERS 1
| #define HAVE_SYS_TYPES_H 1
| #define HAVE_SYS_STAT_H 1
| #define HAVE_STDLIB_H 1
| #define HAVE_STRING_H 1
| #define HAVE_MEMORY_H 1
| #define HAVE_STRINGS_H 1
| #define HAVE_INTTYPES_H 1
| #define HAVE_STDINT_H 1
| #define HAVE_UNISTD_H 1
| #define HAVE_DLFCN_H 1
| #define LT_OBJDIR ".libs/"
| #define HAVE_VISIBILITY 1
| #define HAVE_GETHOSTBYNAME 1
| #define HAVE_GETADDRINFO 1
| #define HAVE_GETTIMEOFDAY 1
| #define HAVE_INET_NTOA 1
| #define HAVE_MEMSET 1
| #define HAVE_SOCKET 1
| #define HAVE_ARPA_INET_H 1
| #define HAVE_FCNTL_H 1
| #define HAVE_LIMITS_H 1
| #define HAVE_NETDB_H 1
| #define HAVE_NETINET_IN_H 1
| #define HAVE_STDDEF_H 1
| #define HAVE_SYS_IOCTL_H 1
| #define HAVE_SYS_SOCKET_H 1
| #define HAVE_SYS_TIME_H 1
| #define HAVE_ERRNO_H 1
| #define SIZEOF_LONG_LONG 8
| #define SIZEOF_LONG 4
| #define TLS __thread
| #define DEBUG 0
| #define HAVE_PTHREAD_PRIO_INHERIT 1
| #define HAVE_PTHREAD 1
| #define VCS_SYSTEM "none"
| #define VCS_CHECKOUT 0
| /* end confdefs.h.  */
| 
| int
| main ()
| {
| 
|   ;
|   return 0;
| }
configure:23002: result: no
configure:23037: checking whether C compiler accepts -Woverride-init
configure:23056: clang -c  -Wall -Wno-strict-aliasing -Wextra -Wunknown-pragmas -Waddress -Warray-bounds -Wbad-function-cast -Wchar-subscripts -Wcomment -Wfloat-equal -Wformat-security -Wformat=2 -Wmissing-field-initializers -Wmissing-noreturn -Wmissing-prototypes -Wnested-externs  -Werror -Woverride-init  -fvisibility=hidden conftest.c >&5
error: unknown warning option '-Woverride-init' [-Werror,-Wunknown-warning-option]
configure:23056: $? = 1
configure: failed program was:
| /* confdefs.h */
| #define PACKAGE_NAME "cyassl"
| #define PACKAGE_TARNAME "cyassl"
| #define PACKAGE_VERSION "3.0.0"
| #define PACKAGE_STRING "cyassl 3.0.0"
| #define PACKAGE_BUGREPORT "https://github.com/cyassl/cyassl/issues"
| #define PACKAGE_URL "http://www.wolfssl.com"
| #define STDC_HEADERS 1
| #define HAVE_SYS_TYPES_H 1
| #define HAVE_SYS_STAT_H 1
| #define HAVE_STDLIB_H 1
| #define HAVE_STRING_H 1
| #define HAVE_MEMORY_H 1
| #define HAVE_STRINGS_H 1
| #define HAVE_INTTYPES_H 1
| #define HAVE_STDINT_H 1
| #define HAVE_UNISTD_H 1
| #define HAVE_DLFCN_H 1
| #define LT_OBJDIR ".libs/"
| #define HAVE_VISIBILITY 1
| #define HAVE_GETHOSTBYNAME 1
| #define HAVE_GETADDRINFO 1
| #define HAVE_GETTIMEOFDAY 1
| #define HAVE_INET_NTOA 1
| #define HAVE_MEMSET 1
| #define HAVE_SOCKET 1
| #define HAVE_ARPA_INET_H 1
| #define HAVE_FCNTL_H 1
| #define HAVE_LIMITS_H 1
| #define HAVE_NETDB_H 1
| #define HAVE_NETINET_IN_H 1
| #define HAVE_STDDEF_H 1
| #define HAVE_SYS_IOCTL_H 1
| #define HAVE_SYS_SOCKET_H 1
| #define HAVE_SYS_TIME_H 1
| #define HAVE_ERRNO_H 1
| #define SIZEOF_LONG_LONG 8
| #define SIZEOF_LONG 4
| #define TLS __thread
| #define DEBUG 0
| #define HAVE_PTHREAD_PRIO_INHERIT 1
| #define HAVE_PTHREAD 1
| #define VCS_SYSTEM "none"
| #define VCS_CHECKOUT 0
| /* end confdefs.h.  */
| 
| int
| main ()
| {
| 
|   ;
|   return 0;
| }
configure:23065: result: no
configure:23100: checking whether C compiler accepts -Wpointer-arith
configure:23119: clang -c  -Wall -Wno-strict-aliasing -Wextra -Wunknown-pragmas -Waddress -Warray-bounds -Wbad-function-cast -Wchar-subscripts -Wcomment -Wfloat-equal -Wformat-security -Wformat=2 -Wmissing-field-initializers -Wmissing-noreturn -Wmissing-prototypes -Wnested-externs  -Werror -Wpointer-arith  -fvisibility=hidden conftest.c >&5
configure:23119: $? = 0
configure:23128: result: yes
configure:23141: : CFLAGS="$CFLAGS $flag"
configure:23144: $? = 0
configure:23163: checking whether C compiler accepts -Wpointer-sign
configure:23182: clang -c  -Wall -Wno-strict-aliasing -Wextra -Wunknown-pragmas -Waddress -Warray-bounds -Wbad-function-cast -Wchar-subscripts -Wcomment -Wfloat-equal -Wformat-security -Wformat=2 -Wmissing-field-initializers -Wmissing-noreturn -Wmissing-prototypes -Wnested-externs -Wpointer-arith  -Werror -Wpointer-sign  -fvisibility=hidden conftest.c >&5
configure:23182: $? = 0
configure:23191: result: yes
configure:23204: : CFLAGS="$CFLAGS $flag"
configure:23207: $? = 0
configure:23226: checking whether C compiler accepts -Wredundant-decls
configure:23245: clang -c  -Wall -Wno-strict-aliasing -Wextra -Wunknown-pragmas -Waddress -Warray-bounds -Wbad-function-cast -Wchar-subscripts -Wcomment -Wfloat-equal -Wformat-security -Wformat=2 -Wmissing-field-initializers -Wmissing-noreturn -Wmissing-prototypes -Wnested-externs -Wpointer-arith -Wpointer-sign  -Werror -Wredundant-decls  -fvisibility=hidden conftest.c >&5
configure:23245: $? = 0
configure:23254: result: yes
configure:23267: : CFLAGS="$CFLAGS $flag"
configure:23270: $? = 0
configure:23289: checking whether C compiler accepts -Wshadow
configure:23308: clang -c  -Wall -Wno-strict-aliasing -Wextra -Wunknown-pragmas -Waddress -Warray-bounds -Wbad-function-cast -Wchar-subscripts -Wcomment -Wfloat-equal -Wformat-security -Wformat=2 -Wmissing-field-initializers -Wmissing-noreturn -Wmissing-prototypes -Wnested-externs -Wpointer-arith -Wpointer-sign -Wredundant-decls  -Werror -Wshadow  -fvisibility=hidden conftest.c >&5
configure:23308: $? = 0
configure:23317: result: yes
configure:23330: : CFLAGS="$CFLAGS $flag"
configure:23333: $? = 0
configure:23352: checking whether C compiler accepts -Wshorten-64-to-32
configure:23371: clang -c  -Wall -Wno-strict-aliasing -Wextra -Wunknown-pragmas -Waddress -Warray-bounds -Wbad-function-cast -Wchar-subscripts -Wcomment -Wfloat-equal -Wformat-security -Wformat=2 -Wmissing-field-initializers -Wmissing-noreturn -Wmissing-prototypes -Wnested-externs -Wpointer-arith -Wpointer-sign -Wredundant-decls -Wshadow  -Werror -Wshorten-64-to-32  -fvisibility=hidden conftest.c >&5
configure:23371: $? = 0
configure:23380: result: yes
configure:23393: : CFLAGS="$CFLAGS $flag"
configure:23396: $? = 0
configure:23415: checking whether C compiler accepts -Wsign-compare
configure:23434: clang -c  -Wall -Wno-strict-aliasing -Wextra -Wunknown-pragmas -Waddress -Warray-bounds -Wbad-function-cast -Wchar-subscripts -Wcomment -Wfloat-equal -Wformat-security -Wformat=2 -Wmissing-field-initializers -Wmissing-noreturn -Wmissing-prototypes -Wnested-externs -Wpointer-arith -Wpointer-sign -Wredundant-decls -Wshadow -Wshorten-64-to-32  -Werror -Wsign-compare  -fvisibility=hidden conftest.c >&5
configure:23434: $? = 0
configure:23443: result: yes
configure:23456: : CFLAGS="$CFLAGS $flag"
configure:23459: $? = 0
configure:23478: checking whether C compiler accepts -Wstrict-overflow=1
configure:23497: clang -c  -Wall -Wno-strict-aliasing -Wextra -Wunknown-pragmas -Waddress -Warray-bounds -Wbad-function-cast -Wchar-subscripts -Wcomment -Wfloat-equal -Wformat-security -Wformat=2 -Wmissing-field-initializers -Wmissing-noreturn -Wmissing-prototypes -Wnested-externs -Wpointer-arith -Wpointer-sign -Wredundant-decls -Wshadow -Wshorten-64-to-32 -Wsign-compare  -Werror -Wstrict-overflow=1  -fvisibility=hidden conftest.c >&5
configure:23497: $? = 0
configure:23506: result: yes
configure:23519: : CFLAGS="$CFLAGS $flag"
configure:23522: $? = 0
configure:23541: checking whether C compiler accepts -Wstrict-prototypes
configure:23560: clang -c  -Wall -Wno-strict-aliasing -Wextra -Wunknown-pragmas -Waddress -Warray-bounds -Wbad-function-cast -Wchar-subscripts -Wcomment -Wfloat-equal -Wformat-security -Wformat=2 -Wmissing-field-initializers -Wmissing-noreturn -Wmissing-prototypes -Wnested-externs -Wpointer-arith -Wpointer-sign -Wredundant-decls -Wshadow -Wshorten-64-to-32 -Wsign-compare -Wstrict-overflow=1  -Werror -Wstrict-prototypes  -fvisibility=hidden conftest.c >&5
configure:23560: $? = 0
configure:23569: result: yes
configure:23582: : CFLAGS="$CFLAGS $flag"
configure:23585: $? = 0
configure:23604: checking whether C compiler accepts -Wswitch-enum
configure:23623: clang -c  -Wall -Wno-strict-aliasing -Wextra -Wunknown-pragmas -Waddress -Warray-bounds -Wbad-function-cast -Wchar-subscripts -Wcomment -Wfloat-equal -Wformat-security -Wformat=2 -Wmissing-field-initializers -Wmissing-noreturn -Wmissing-prototypes -Wnested-externs -Wpointer-arith -Wpointer-sign -Wredundant-decls -Wshadow -Wshorten-64-to-32 -Wsign-compare -Wstrict-overflow=1 -Wstrict-prototypes  -Werror -Wswitch-enum  -fvisibility=hidden conftest.c >&5
configure:23623: $? = 0
configure:23632: result: yes
configure:23645: : CFLAGS="$CFLAGS $flag"
configure:23648: $? = 0
configure:23667: checking whether C compiler accepts -Wundef
configure:23686: clang -c  -Wall -Wno-strict-aliasing -Wextra -Wunknown-pragmas -Waddress -Warray-bounds -Wbad-function-cast -Wchar-subscripts -Wcomment -Wfloat-equal -Wformat-security -Wformat=2 -Wmissing-field-initializers -Wmissing-noreturn -Wmissing-prototypes -Wnested-externs -Wpointer-arith -Wpointer-sign -Wredundant-decls -Wshadow -Wshorten-64-to-32 -Wsign-compare -Wstrict-overflow=1 -Wstrict-prototypes -Wswitch-enum  -Werror -Wundef  -fvisibility=hidden conftest.c >&5
configure:23686: $? = 0
configure:23695: result: yes
configure:23708: : CFLAGS="$CFLAGS $flag"
configure:23711: $? = 0
configure:23730: checking whether C compiler accepts -Wunused
configure:23749: clang -c  -Wall -Wno-strict-aliasing -Wextra -Wunknown-pragmas -Waddress -Warray-bounds -Wbad-function-cast -Wchar-subscripts -Wcomment -Wfloat-equal -Wformat-security -Wformat=2 -Wmissing-field-initializers -Wmissing-noreturn -Wmissing-prototypes -Wnested-externs -Wpointer-arith -Wpointer-sign -Wredundant-decls -Wshadow -Wshorten-64-to-32 -Wsign-compare -Wstrict-overflow=1 -Wstrict-prototypes -Wswitch-enum -Wundef  -Werror -Wunused  -fvisibility=hidden conftest.c >&5
configure:23749: $? = 0
configure:23758: result: yes
configure:23771: : CFLAGS="$CFLAGS $flag"
configure:23774: $? = 0
configure:23793: checking whether C compiler accepts -Wunused-result
configure:23812: clang -c  -Wall -Wno-strict-aliasing -Wextra -Wunknown-pragmas -Waddress -Warray-bounds -Wbad-function-cast -Wchar-subscripts -Wcomment -Wfloat-equal -Wformat-security -Wformat=2 -Wmissing-field-initializers -Wmissing-noreturn -Wmissing-prototypes -Wnested-externs -Wpointer-arith -Wpointer-sign -Wredundant-decls -Wshadow -Wshorten-64-to-32 -Wsign-compare -Wstrict-overflow=1 -Wstrict-prototypes -Wswitch-enum -Wundef -Wunused  -Werror -Wunused-result  -fvisibility=hidden conftest.c >&5
configure:23812: $? = 0
configure:23821: result: yes
configure:23834: : CFLAGS="$CFLAGS $flag"
configure:23837: $? = 0
configure:23856: checking whether C compiler accepts -Wunused-variable
configure:23875: clang -c  -Wall -Wno-strict-aliasing -Wextra -Wunknown-pragmas -Waddress -Warray-bounds -Wbad-function-cast -Wchar-subscripts -Wcomment -Wfloat-equal -Wformat-security -Wformat=2 -Wmissing-field-initializers -Wmissing-noreturn -Wmissing-prototypes -Wnested-externs -Wpointer-arith -Wpointer-sign -Wredundant-decls -Wshadow -Wshorten-64-to-32 -Wsign-compare -Wstrict-overflow=1 -Wstrict-prototypes -Wswitch-enum -Wundef -Wunused -Wunused-result  -Werror -Wunused-variable  -fvisibility=hidden conftest.c >&5
configure:23875: $? = 0
configure:23884: result: yes
configure:23897: : CFLAGS="$CFLAGS $flag"
configure:23900: $? = 0
configure:23919: checking whether C compiler accepts -Wwrite-strings
configure:23938: clang -c  -Wall -Wno-strict-aliasing -Wextra -Wunknown-pragmas -Waddress -Warray-bounds -Wbad-function-cast -Wchar-subscripts -Wcomment -Wfloat-equal -Wformat-security -Wformat=2 -Wmissing-field-initializers -Wmissing-noreturn -Wmissing-prototypes -Wnested-externs -Wpointer-arith -Wpointer-sign -Wredundant-decls -Wshadow -Wshorten-64-to-32 -Wsign-compare -Wstrict-overflow=1 -Wstrict-prototypes -Wswitch-enum -Wundef -Wunused -Wunused-result -Wunused-variable  -Werror -Wwrite-strings  -fvisibility=hidden conftest.c >&5
configure:23938: $? = 0
configure:23947: result: yes
configure:23960: : CFLAGS="$CFLAGS $flag"
configure:23963: $? = 0
configure:23982: checking whether C compiler accepts -fwrapv
configure:24001: clang -c  -Wall -Wno-strict-aliasing -Wextra -Wunknown-pragmas -Waddress -Warray-bounds -Wbad-function-cast -Wchar-subscripts -Wcomment -Wfloat-equal -Wformat-security -Wformat=2 -Wmissing-field-initializers -Wmissing-noreturn -Wmissing-prototypes -Wnested-externs -Wpointer-arith -Wpointer-sign -Wredundant-decls -Wshadow -Wshorten-64-to-32 -Wsign-compare -Wstrict-overflow=1 -Wstrict-prototypes -Wswitch-enum -Wundef -Wunused -Wunused-result -Wunused-variable -Wwrite-strings  -Werror -fwrapv  -fvisibility=hidden conftest.c >&5
configure:24001: $? = 0
configure:24010: result: yes
configure:24023: : CFLAGS="$CFLAGS $flag"
configure:24026: $? = 0
configure:24045: checking whether C compiler accepts -fPIE
configure:24064: clang -c  -Wall -Wno-strict-aliasing -Wextra -Wunknown-pragmas -Waddress -Warray-bounds -Wbad-function-cast -Wchar-subscripts -Wcomment -Wfloat-equal -Wformat-security -Wformat=2 -Wmissing-field-initializers -Wmissing-noreturn -Wmissing-prototypes -Wnested-externs -Wpointer-arith -Wpointer-sign -Wredundant-decls -Wshadow -Wshorten-64-to-32 -Wsign-compare -Wstrict-overflow=1 -Wstrict-prototypes -Wswitch-enum -Wundef -Wunused -Wunused-result -Wunused-variable -Wwrite-strings -fwrapv  -Werror -fPIE  -fvisibility=hidden conftest.c >&5
configure:24064: $? = 0
configure:24073: result: yes
configure:24086: : CFLAGS="$CFLAGS $flag"
configure:24089: $? = 0
configure:24153: result: creating cyassl-config - generic 3.0.0 for -lcyassl
configure:24281: checking the number of available CPUs
configure:24324: result: 4 
configure:24337: adding automake macro support
configure:24341: creating aminclude.am
configure:24372: added jobserver support to make for 5 jobs
configure:24493: checking that generated files are newer than configure
configure:24499: result: done
configure:24719: creating ./config.status

## ---------------------- ##
## Running config.status. ##
## ---------------------- ##

This file was extended by cyassl config.status 3.0.0, which was
generated by GNU Autoconf 2.69.  Invocation command line was

  CONFIG_FILES    = 
  CONFIG_HEADERS  = 
  CONFIG_LINKS    = 
  CONFIG_COMMANDS = 
  $ ./config.status 

on khimes-TravelMate-X483

config.status:1283: creating stamp-h
config.status:1283: creating Makefile
config.status:1283: creating cyassl/version.h
config.status:1283: creating cyassl/options.h
config.status:1283: creating support/cyassl.pc
config.status:1283: creating rpm/spec
config.status:1283: creating config.h
config.status:1464: config.h is unchanged
config.status:1512: executing depfiles commands
config.status:1512: executing libtool commands

## ---------------- ##
## Cache variables. ##
## ---------------- ##

ac_cv_build=i686-pc-linux-gnu
ac_cv_c_bigendian=no
ac_cv_c_compiler_gnu=yes
ac_cv_c_uint8_t=yes
ac_cv_cxx_compiler_gnu=yes
ac_cv_env_CCASFLAGS_set=
ac_cv_env_CCASFLAGS_value=
ac_cv_env_CCAS_set=
ac_cv_env_CCAS_value=
ac_cv_env_CCC_set=
ac_cv_env_CCC_value=
ac_cv_env_CC_set=set
ac_cv_env_CC_value=clang
ac_cv_env_CFLAGS_set=
ac_cv_env_CFLAGS_value=
ac_cv_env_CPPFLAGS_set=
ac_cv_env_CPPFLAGS_value=
ac_cv_env_CPP_set=
ac_cv_env_CPP_value=
ac_cv_env_CXXCPP_set=
ac_cv_env_CXXCPP_value=
ac_cv_env_CXXFLAGS_set=
ac_cv_env_CXXFLAGS_value=
ac_cv_env_CXX_set=
ac_cv_env_CXX_value=
ac_cv_env_LDFLAGS_set=
ac_cv_env_LDFLAGS_value=
ac_cv_env_LIBS_set=
ac_cv_env_LIBS_value=
ac_cv_env_build_alias_set=
ac_cv_env_build_alias_value=
ac_cv_env_host_alias_set=
ac_cv_env_host_alias_value=
ac_cv_env_target_alias_set=
ac_cv_env_target_alias_value=
ac_cv_func_getaddrinfo=yes
ac_cv_func_gethostbyname=yes
ac_cv_func_gettimeofday=yes
ac_cv_func_inet_ntoa=yes
ac_cv_func_memset=yes
ac_cv_func_socket=yes
ac_cv_header_arpa_inet_h=yes
ac_cv_header_dlfcn_h=yes
ac_cv_header_errno_h=yes
ac_cv_header_fcntl_h=yes
ac_cv_header_inttypes_h=yes
ac_cv_header_limits_h=yes
ac_cv_header_memory_h=yes
ac_cv_header_netdb_h=yes
ac_cv_header_netinet_in_h=yes
ac_cv_header_stdc=yes
ac_cv_header_stddef_h=yes
ac_cv_header_stdint_h=yes
ac_cv_header_stdlib_h=yes
ac_cv_header_string_h=yes
ac_cv_header_strings_h=yes
ac_cv_header_sys_ioctl_h=yes
ac_cv_header_sys_socket_h=yes
ac_cv_header_sys_stat_h=yes
ac_cv_header_sys_time_h=yes
ac_cv_header_sys_types_h=yes
ac_cv_header_unistd_h=yes
ac_cv_host=i686-pc-linux-gnu
ac_cv_lib_m_cos=yes
ac_cv_lib_network_socket=no
ac_cv_objext=o
ac_cv_path_EGREP='/bin/grep -E'
ac_cv_path_FGREP='/bin/grep -F'
ac_cv_path_GREP=/bin/grep
ac_cv_path_SED=/bin/sed
ac_cv_path_install='/usr/bin/install -c'
ac_cv_path_mkdir=/bin/mkdir
ac_cv_prog_AWK=mawk
ac_cv_prog_CPP='clang -E'
ac_cv_prog_CXXCPP='g++ -E'
ac_cv_prog_ac_ct_AR=ar
ac_cv_prog_ac_ct_CC=clang
ac_cv_prog_ac_ct_CXX=g++
ac_cv_prog_ac_ct_MANIFEST_TOOL=mt
ac_cv_prog_ac_ct_OBJDUMP=objdump
ac_cv_prog_ac_ct_RANLIB=ranlib
ac_cv_prog_ac_ct_STRIP=strip
ac_cv_prog_cc_c89=
ac_cv_prog_cc_clang_c_o=yes
ac_cv_prog_cc_g=yes
ac_cv_prog_cxx_g=yes
ac_cv_prog_make_make_set=yes
ac_cv_search_gethostbyname='none required'
ac_cv_search_socket='none required'
ac_cv_sizeof_long=4
ac_cv_sizeof_long_long=8
ac_cv_tls=__thread
ac_cv_type_size_t=yes
ac_cv_vcs_checkout=no
ac_cv_vcs_system=none
ac_cv_warnings_as_errors=no
am_cv_CCAS_dependencies_compiler_type=gcc3
am_cv_CC_dependencies_compiler_type=gcc3
am_cv_CXX_dependencies_compiler_type=gcc3
am_cv_make_support_nested_variables=yes
am_cv_prog_cc_c_o=yes
am_cv_prog_tar_ustar=gnutar
ax_cv_PTHREAD_PRIO_INHERIT=yes
ax_cv_check_cflags__=yes
ax_cv_check_cflags__Waddress=yes
ax_cv_check_cflags__Wall=yes
ax_cv_check_cflags__Warray_bounds=yes
ax_cv_check_cflags__Wbad_function_cast=yes
ax_cv_check_cflags__Wchar_subscripts=yes
ax_cv_check_cflags__Wcomment=yes
ax_cv_check_cflags__Wextra=yes
ax_cv_check_cflags__Wfloat_equal=yes
ax_cv_check_cflags__Wformat_2=yes
ax_cv_check_cflags__Wformat_security=yes
ax_cv_check_cflags__Wmaybe_uninitialized=no
ax_cv_check_cflags__Wmissing_field_initializers=yes
ax_cv_check_cflags__Wmissing_noreturn=yes
ax_cv_check_cflags__Wmissing_prototypes=yes
ax_cv_check_cflags__Wnested_externs=yes
ax_cv_check_cflags__Wno_pragmas=no
ax_cv_check_cflags__Wno_strict_aliasing=yes
ax_cv_check_cflags__Wnormalized_id=no
ax_cv_check_cflags__Woverride_init=no
ax_cv_check_cflags__Wpointer_arith=yes
ax_cv_check_cflags__Wpointer_sign=yes
ax_cv_check_cflags__Wredundant_decls=yes
ax_cv_check_cflags__Wshadow=yes
ax_cv_check_cflags__Wshorten_64_to_32=yes
ax_cv_check_cflags__Wsign_compare=yes
ax_cv_check_cflags__Wstrict_overflow_1=yes
ax_cv_check_cflags__Wstrict_prototypes=yes
ax_cv_check_cflags__Wswitch_enum=yes
ax_cv_check_cflags__Wthis_test_should_fail=no
ax_cv_check_cflags__Wundef=yes
ax_cv_check_cflags__Wunknown_pragmas=yes
ax_cv_check_cflags__Wunused=yes
ax_cv_check_cflags__Wunused_result=yes
ax_cv_check_cflags__Wunused_variable=yes
ax_cv_check_cflags__Wwrite_strings=yes
ax_cv_check_cflags___Werror=yes
ax_cv_check_cflags__fPIE=yes
ax_cv_check_cflags__fwrapv=yes
ax_cv_check_ldflags__=yes
ax_cv_check_ldflags___Werror=yes
ax_cv_check_ldflags__pie=yes
ax_cv_check_ldflags__z_relro__z_now=no
gl_cv_cc_vis_werror=yes
gl_cv_cc_visibility=yes
lt_cv_ar_at_file=@
lt_cv_archive_cmds_need_lc=no
lt_cv_deplibs_check_method=pass_all
lt_cv_file_magic_cmd='$MAGIC_CMD'
lt_cv_file_magic_test_file=
lt_cv_ld_reload_flag=-r
lt_cv_nm_interface='BSD nm'
lt_cv_objdir=.libs
lt_cv_path_LD=/usr/bin/ld
lt_cv_path_LDCXX=/usr/bin/ld
lt_cv_path_NM='/usr/bin/nm -B'
lt_cv_path_mainfest_tool=no
lt_cv_prog_compiler_c_o=yes
lt_cv_prog_compiler_c_o_CXX=yes
lt_cv_prog_compiler_pic='-fPIC -DPIC'
lt_cv_prog_compiler_pic_CXX='-fPIC -DPIC'
lt_cv_prog_compiler_pic_works=yes
lt_cv_prog_compiler_pic_works_CXX=yes
lt_cv_prog_compiler_rtti_exceptions=yes
lt_cv_prog_compiler_static_works=yes
lt_cv_prog_compiler_static_works_CXX=yes
lt_cv_prog_gnu_ld=yes
lt_cv_prog_gnu_ldcxx=yes
lt_cv_sharedlib_from_linklib_cmd='printf %s\n'
lt_cv_shlibpath_overrides_runpath=no
lt_cv_sys_global_symbol_pipe='sed -n -e '\''s/^.*[	 ]\([ABCDGIRSTW][ABCDGIRSTW]*\)[	 ][	 ]*\([_A-Za-z][_A-Za-z0-9]*\)$/\1 \2 \2/p'\'' | sed '\''/ __gnu_lto/d'\'''
lt_cv_sys_global_symbol_to_c_name_address='sed -n -e '\''s/^: \([^ ]*\)[ ]*$/  {\"\1\", (void *) 0},/p'\'' -e '\''s/^[ABCDGIRSTW]* \([^ ]*\) \([^ ]*\)$/  {"\2", (void *) \&\2},/p'\'''
lt_cv_sys_global_symbol_to_c_name_address_lib_prefix='sed -n -e '\''s/^: \([^ ]*\)[ ]*$/  {\"\1\", (void *) 0},/p'\'' -e '\''s/^[ABCDGIRSTW]* \([^ ]*\) \(lib[^ ]*\)$/  {"\2", (void *) \&\2},/p'\'' -e '\''s/^[ABCDGIRSTW]* \([^ ]*\) \([^ ]*\)$/  {"lib\2", (void *) \&\2},/p'\'''
lt_cv_sys_global_symbol_to_cdecl='sed -n -e '\''s/^T .* \(.*\)$/extern int \1();/p'\'' -e '\''s/^[ABCDGIRSTW]* .* \(.*\)$/extern char \1;/p'\'''
lt_cv_sys_max_cmd_len=1572864
lt_cv_to_host_file_cmd=func_convert_file_noop
lt_cv_to_tool_file_cmd=func_convert_file_noop

## ----------------- ##
## Output variables. ##
## ----------------- ##

ACLOCAL='${SHELL} /home/khimes/work/project1/cyassl-3.0.0/build-aux/missing aclocal-1.14'
AMDEPBACKSLASH='\'
AMDEP_FALSE='#'
AMDEP_TRUE=''
AMINCLUDE='aminclude.am'
AMTAR='$${TAR-tar}'
AM_BACKSLASH='\'
AM_CFLAGS='-DCYASSL_DTLS -D_POSIX_THREADS  -DHAVE_THREAD_LS -DNDEBUG -pthread -DNO_DSA -DNO_PSK -DNO_MD4 -DNO_PWDBASED -DNO_HC128 -DNO_RABBIT -DCYASSL_SMALL_STACK -Wall -Wno-unused -Os -fomit-frame-pointer'
AM_CPPFLAGS=' -fvisibility=hidden'
AM_DEFAULT_V='$(AM_DEFAULT_VERBOSITY)'
AM_DEFAULT_VERBOSITY='0'
AM_LDFLAGS=''
AM_V='$(V)'
AR='ar'
AUTOCONF='${SHELL} /home/khimes/work/project1/cyassl-3.0.0/build-aux/missing autoconf'
AUTOHEADER='${SHELL} /home/khimes/work/project1/cyassl-3.0.0/build-aux/missing autoheader'
AUTOMAKE='${SHELL} /home/khimes/work/project1/cyassl-3.0.0/build-aux/missing automake-1.14'
AWK='mawk'
BUILD_AESCCM_FALSE=''
BUILD_AESCCM_TRUE='#'
BUILD_AESGCM_FALSE=''
BUILD_AESGCM_TRUE='#'
BUILD_AESNI_FALSE=''
BUILD_AESNI_TRUE='#'
BUILD_AES_FALSE='#'
BUILD_AES_TRUE=''
BUILD_ASN_FALSE='#'
BUILD_ASN_TRUE=''
BUILD_BLAKE2_FALSE=''
BUILD_BLAKE2_TRUE='#'
BUILD_CAMELLIA_FALSE=''
BUILD_CAMELLIA_TRUE='#'
BUILD_CODING_FALSE='#'
BUILD_CODING_TRUE=''
BUILD_CRL_FALSE=''
BUILD_CRL_MONITOR_FALSE=''
BUILD_CRL_MONITOR_TRUE='#'
BUILD_CRL_TRUE='#'
BUILD_DES3_FALSE='#'
BUILD_DES3_TRUE=''
BUILD_DH_FALSE='#'
BUILD_DH_TRUE=''
BUILD_DSA_FALSE=''
BUILD_DSA_TRUE='#'
BUILD_ECC_FALSE=''
BUILD_ECC_TRUE='#'
BUILD_EXAMPLES_FALSE='#'
BUILD_EXAMPLES_TRUE=''
BUILD_FASTMATH_FALSE=''
BUILD_FASTMATH_TRUE='#'
BUILD_FIPS_FALSE=''
BUILD_FIPS_TRUE='#'
BUILD_HC128_FALSE=''
BUILD_HC128_TRUE='#'
BUILD_INLINE_FALSE='#'
BUILD_INLINE_TRUE=''
BUILD_LEANPSK_FALSE=''
BUILD_LEANPSK_TRUE='#'
BUILD_LIBZ_FALSE=''
BUILD_LIBZ_TRUE='#'
BUILD_MCAPI_FALSE=''
BUILD_MCAPI_TRUE='#'
BUILD_MD2_FALSE=''
BUILD_MD2_TRUE='#'
BUILD_MD4_FALSE=''
BUILD_MD4_TRUE='#'
BUILD_MD5_FALSE='#'
BUILD_MD5_TRUE=''
BUILD_MEMORY_FALSE='#'
BUILD_MEMORY_TRUE=''
BUILD_NTRU_FALSE=''
BUILD_NTRU_TRUE='#'
BUILD_OCSP_FALSE=''
BUILD_OCSP_TRUE='#'
BUILD_PKCS7_FALSE=''
BUILD_PKCS7_TRUE='#'
BUILD_PWDBASED_FALSE=''
BUILD_PWDBASED_TRUE='#'
BUILD_RABBIT_FALSE=''
BUILD_RABBIT_TRUE='#'
BUILD_RC4_FALSE='#'
BUILD_RC4_TRUE=''
BUILD_RIPEMD_FALSE=''
BUILD_RIPEMD_TRUE='#'
BUILD_RSA_FALSE='#'
BUILD_RSA_TRUE=''
BUILD_SHA512_FALSE=''
BUILD_SHA512_TRUE='#'
BUILD_SHA_FALSE='#'
BUILD_SHA_TRUE=''
BUILD_SLOWMATH_FALSE='#'
BUILD_SLOWMATH_TRUE=''
BUILD_SNIFFER_FALSE=''
BUILD_SNIFFER_TRUE='#'
BUILD_SNIFFTEST_FALSE=''
BUILD_SNIFFTEST_TRUE='#'
CC='clang'
CCAS='clang'
CCASDEPMODE='depmode=gcc3'
CCASFLAGS='-g -O2'
CCDEPMODE='depmode=gcc3'
CFLAGS=' -Wall -Wno-strict-aliasing -Wextra -Wunknown-pragmas -Waddress -Warray-bounds -Wbad-function-cast -Wchar-subscripts -Wcomment -Wfloat-equal -Wformat-security -Wformat=2 -Wmissing-field-initializers -Wmissing-noreturn -Wmissing-prototypes -Wnested-externs -Wpointer-arith -Wpointer-sign -Wredundant-decls -Wshadow -Wshorten-64-to-32 -Wsign-compare -Wstrict-overflow=1 -Wstrict-prototypes -Wswitch-enum -Wundef -Wunused -Wunused-result -Wunused-variable -Wwrite-strings -fwrapv -fPIE '
CFLAG_VISIBILITY='-fvisibility=hidden'
CPP='clang -E'
CPPFLAGS=' -fvisibility=hidden'
CXX='g++'
CXXCPP='g++ -E'
CXXDEPMODE='depmode=gcc3'
CXXFLAGS='-g -O2'
CYASSL_LIBRARY_VERSION='5:5:0'
CYGPATH_W='echo'
DEBUG_FALSE=''
DEBUG_TRUE='#'
DEFS='-DHAVE_CONFIG_H'
DEPDIR='.deps'
DLLTOOL='false'
DSYMUTIL=''
DUMPBIN=''
ECHO_C=''
ECHO_N='-n'
ECHO_T=''
EGREP='/bin/grep -E'
EXEEXT=''
FGREP='/bin/grep -F'
GENERIC_CONFIG='cyassl-config'
GREP='/bin/grep'
HAVE_OPENSSL_CMD=''
HAVE_VALGRIND=''
HAVE_VISIBILITY='1'
HEX_VERSION='0x03000000'
INC_AMINCLUDE='include $(top_builddir)/aminclude.am'
INSTALL_DATA='${INSTALL} -m 644'
INSTALL_PROGRAM='${INSTALL}'
INSTALL_SCRIPT='${INSTALL}'
INSTALL_STRIP_PROGRAM='$(install_sh) -c -s'
IS_VCS_CHECKOUT_FALSE=''
IS_VCS_CHECKOUT_TRUE='#'
LD='/usr/bin/ld'
LDFLAGS=''
LIBM='-lm'
LIBOBJS=''
LIBS=' '
LIBTOOL='$(SHELL) $(top_builddir)/libtool'
LIPO=''
LN_S='ln -s'
LTLIBOBJS=''
MAKEINFO='${SHELL} /home/khimes/work/project1/cyassl-3.0.0/build-aux/missing makeinfo'
MANIFEST_TOOL=':'
MCHECK=''
MKDIR_P='/bin/mkdir -p'
NM='/usr/bin/nm -B'
NMEDIT=''
OBJDUMP='objdump'
OBJEXT='o'
OTOOL64=''
OTOOL=''
PACKAGE='cyassl'
PACKAGE_BUGREPORT='https://github.com/cyassl/cyassl/issues'
PACKAGE_NAME='cyassl'
PACKAGE_STRING='cyassl 3.0.0'
PACKAGE_TARNAME='cyassl'
PACKAGE_URL='http://www.wolfssl.com'
PACKAGE_VERSION='3.0.0'
PATH_SEPARATOR=':'
PTHREAD_CC='clang'
PTHREAD_CFLAGS='-pthread'
PTHREAD_LIBS=''
RANLIB='ranlib'
SED='/bin/sed'
SET_MAKE=''
SHELL='/bin/bash'
STRIP='strip'
USE_VALGRIND_FALSE=''
USE_VALGRIND_TRUE='#'
VERSION='3.0.0'
ac_ct_AR='ar'
ac_ct_CC='clang'
ac_ct_CXX='g++'
ac_ct_DUMPBIN=''
am__EXEEXT_FALSE=''
am__EXEEXT_TRUE='#'
am__fastdepCCAS_FALSE='#'
am__fastdepCCAS_TRUE=''
am__fastdepCC_FALSE='#'
am__fastdepCC_TRUE=''
am__fastdepCXX_FALSE='#'
am__fastdepCXX_TRUE=''
am__include='include'
am__isrc=''
am__leading_dot='.'
am__nodep='_no'
am__quote=''
am__tar='tar --format=ustar -chf - "$$tardir"'
am__untar='tar -xf -'
ax_pthread_config=''
bindir='${exec_prefix}/bin'
build='i686-pc-linux-gnu'
build_alias=''
build_cpu='i686'
build_os='linux-gnu'
build_vendor='pc'
datadir='${datarootdir}'
datarootdir='${prefix}/share'
docdir='${datarootdir}/doc/${PACKAGE_TARNAME}'
dvidir='${docdir}'
exec_prefix='${prefix}'
host='i686-pc-linux-gnu'
host_alias=''
host_cpu='i686'
host_os='linux-gnu'
host_vendor='pc'
htmldir='${docdir}'
includedir='${prefix}/include'
infodir='${datarootdir}/info'
install_sh='${SHELL} /home/khimes/work/project1/cyassl-3.0.0/build-aux/install-sh'
libdir='${exec_prefix}/lib'
libexecdir='${exec_prefix}/libexec'
localedir='${datarootdir}/locale'
localstatedir='${prefix}/var'
mandir='${datarootdir}/man'
mkdir_p='$(MKDIR_P)'
oldincludedir='/usr/include'
pdfdir='${docdir}'
prefix='/usr/local'
program_transform_name='s,x,x,'
psdir='${docdir}'
sbindir='${exec_prefix}/sbin'
sharedstatedir='${prefix}/com'
sysconfdir='${prefix}/etc'
target_alias=''

## ----------- ##
## confdefs.h. ##
## ----------- ##

/* confdefs.h */
#define PACKAGE_NAME "cyassl"
#define PACKAGE_TARNAME "cyassl"
#define PACKAGE_VERSION "3.0.0"
#define PACKAGE_STRING "cyassl 3.0.0"
#define PACKAGE_BUGREPORT "https://github.com/cyassl/cyassl/issues"
#define PACKAGE_URL "http://www.wolfssl.com"
#define STDC_HEADERS 1
#define HAVE_SYS_TYPES_H 1
#define HAVE_SYS_STAT_H 1
#define HAVE_STDLIB_H 1
#define HAVE_STRING_H 1
#define HAVE_MEMORY_H 1
#define HAVE_STRINGS_H 1
#define HAVE_INTTYPES_H 1
#define HAVE_STDINT_H 1
#define HAVE_UNISTD_H 1
#define HAVE_DLFCN_H 1
#define LT_OBJDIR ".libs/"
#define HAVE_VISIBILITY 1
#define HAVE_GETHOSTBYNAME 1
#define HAVE_GETADDRINFO 1
#define HAVE_GETTIMEOFDAY 1
#define HAVE_INET_NTOA 1
#define HAVE_MEMSET 1
#define HAVE_SOCKET 1
#define HAVE_ARPA_INET_H 1
#define HAVE_FCNTL_H 1
#define HAVE_LIMITS_H 1
#define HAVE_NETDB_H 1
#define HAVE_NETINET_IN_H 1
#define HAVE_STDDEF_H 1
#define HAVE_SYS_IOCTL_H 1
#define HAVE_SYS_SOCKET_H 1
#define HAVE_SYS_TIME_H 1
#define HAVE_ERRNO_H 1
#define SIZEOF_LONG_LONG 8
#define SIZEOF_LONG 4
#define TLS __thread
#define DEBUG 0
#define HAVE_PTHREAD_PRIO_INHERIT 1
#define HAVE_PTHREAD 1
#define VCS_SYSTEM "none"
#define VCS_CHECKOUT 0

configure: exit 0
